20221020	11:27:37	d1a72c25-5e15-4d90-a736-260f902a7d57	GET	/css/style.css	undefined
20221020	11:41:56	697abebe-938e-4ff0-bd6e-136555bb38b4	OPTIONS	/	https://www.google.com
20221020	11:41:56	2d0ca8aa-817c-43c6-bc72-679100e30567	GET	/	https://www.google.com
20221020	11:48:52	97181b81-1a14-4ac5-8712-7436d79696cd	OPTIONS	/	https://www.google.com
20221020	11:48:52	0abf6cd1-0a32-4fe7-bcbd-d842fbf4166e	GET	/	https://www.google.com
20221020	11:58:17	0c30b5c8-013c-4c4f-93b4-eb64219e8abc	OPTIONS	/	https://www.google.com
20221020	11:58:17	1f10948a-8cc7-4f99-96f8-4adbc0cf140a	GET	/	https://www.google.com
20221021	06:09:08	c521c6e7-21fa-467f-b094-f8c4cbc98d74	GET	/users	undefined
20221021	06:10:50	d7a3ffd7-a90d-4024-a68d-2f9a03a8729f	GET	/users	undefined
20221021	06:19:32	c3e5d547-5200-47e3-86cc-ba3df7e8f213	POST	/users	undefined
20221021	06:19:52	d8f9c4e8-604e-4174-82a2-f3cc82da8daa	GET	/users	undefined
20221021	06:22:12	3042a115-6161-4981-99af-ab8775d6597f	POST	/users	undefined
20221021	06:22:29	29336da2-36f8-44b1-83e9-94f98f512948	POST	/users	undefined
20221021	06:22:37	ab1d73d7-9de4-4d0d-8dcd-87fb9af010e3	POST	/users	undefined
20221021	06:22:45	2f452f29-b952-4080-b558-9aa12cd3dc15	POST	/users	undefined
20221021	06:23:00	88eb784f-aaa0-44cb-b670-ed508024f893	POST	/users	undefined
20221021	06:23:16	f19bd7d0-b286-4e65-a290-c07060b08a09	POST	/users	undefined
20221021	06:25:24	0fb5268a-25ce-4901-a181-a049a0388f6b	GET	/users	undefined
20221021	06:26:08	a27610e4-fdda-49a9-bf0c-f2ad91c4359d	PATCH	/users	undefined
20221021	06:29:05	135a3234-90a0-424b-8d16-1a1f644a3c8f	PATCH	/users	undefined
20221021	06:30:35	c4989328-12a6-4088-b1b4-8ec8bf091ae1	PATCH	/users	undefined
20221021	06:31:19	e7980419-ca19-4da0-abd9-b073a22f4f1b	PATCH	/users	undefined
20221021	06:32:32	24554857-8977-45cb-89c0-26c26d2af8b0	GET	/users	undefined
20221021	06:33:02	b8fde183-4dae-455e-93e7-3f2d30786682	PATCH	/users	undefined
20221021	06:33:23	eb117b8c-8d57-4061-bce2-f5ca00672188	PATCH	/users	undefined
20221021	06:34:41	9db90760-3198-4c91-bf2e-a38c1d7bab0d	PATCH	/users	undefined
20221021	06:35:31	9353187a-ad2d-4ea0-9dae-a440363981a9	POST	/users	undefined
20221021	06:35:56	75c843bb-0b3d-4811-b1b5-1b311172678f	POST	/users	undefined
20221021	06:36:20	8ef4b619-7e8b-469b-beee-b10f84495b8a	POST	/users	undefined
20221021	06:36:31	720b1d9d-5669-4d5f-b015-536863ee715c	GET	/users	undefined
20221021	06:37:10	503e940d-9323-4d68-870a-9eca23422f53	PATCH	/users	undefined
20221021	06:39:03	4ae77dd2-f280-4aca-bcb7-92ad314befa4	DELETE	/users	undefined
20221021	06:39:16	a823cb01-6f7d-417f-b122-b75f28db298d	DELETE	/users	undefined
20221021	06:39:40	ab317675-e732-43d2-a07f-80be2c080763	GET	/users	undefined
20221021	16:16:16	7ca39177-227e-42e1-b3b8-f8724775dfd2	GET	/users	http://localhost:3000
20221021	16:17:02	ababc498-1cb3-4eb8-843b-dfbaded1699f	POST	/users	undefined
20221021	16:17:17	89ec24a8-1a49-4308-8fe5-004de1565026	POST	/users	undefined
20221021	16:17:29	14b0c446-b1df-44f0-8f2e-1601109408eb	GET	/users	undefined
20221021	16:18:02	46757743-9c59-4f5c-8ed5-d98cfeb48480	POST	/users	undefined
20221021	16:18:30	cf627a42-443d-412f-8220-127f217583a4	GET	/users	undefined
20221021	16:18:36	23bf58a4-9d6b-4cf2-b4e2-a70840e98ff9	GET	/users	undefined
20221021	16:18:52	daeeb36a-bd5e-4c09-99ea-65d316702484	POST	/users	undefined
20221021	16:19:06	12c5b9c3-80b3-44fa-99ef-4fdd90786141	POST	/users	undefined
20221021	16:19:18	839a4c64-29d9-4a1e-a4d1-b853d25482cd	GET	/users	http://localhost:3000
20221021	16:19:52	1cafd5cf-bbfa-4900-a4a1-70289fe0cac2	PATCH	/users	undefined
20221021	16:19:59	387b4d6e-f667-4346-b687-37c5aeaa7116	PATCH	/users	undefined
20221021	16:20:06	cc349cc9-1824-48b7-a6bd-5012681c8104	PATCH	/users	undefined
20221021	16:20:14	f6533b0b-30d1-4a8e-90de-a4d3dbed3472	PATCH	/users	undefined
20221021	16:20:23	ad2e88b0-e9ad-4a7f-82b1-4d45bff559f0	PATCH	/users	undefined
20221021	16:20:38	5b7a2c60-593e-4542-86a5-da0cbb0c02a4	PATCH	/users	undefined
20221021	16:20:49	5005d1e0-4d97-4b89-8739-57608fcc0479	GET	/users	undefined
20221021	16:21:10	401996e3-4c5c-4e90-a9b5-daab77b9d219	PATCH	/users	undefined
20221021	16:22:45	ce896ea1-cf3f-481c-be8d-096bc083da26	PATCH	/users	undefined
20221021	16:23:06	da144aca-a6e6-465e-90bb-b2f7e6ec6b51	PATCH	/users	undefined
20221021	16:23:26	f6ef6313-526f-4dfc-9288-a5b5bc0dcc1a	PATCH	/users	undefined
20221021	16:23:35	666f3871-9a35-426e-8a73-537934f6c60e	POST	/users	undefined
20221021	16:23:52	339e81e6-56f4-4642-a6fc-6b07382e8da5	PATCH	/users	undefined
20221021	16:24:20	a9f3edc7-f2b0-49f2-82bd-944fd055aba0	PATCH	/users	undefined
20221021	16:24:27	ebc4843d-9c15-445d-9816-7459ab367fff	PATCH	/users	undefined
20221021	16:24:47	d9afd93e-68da-43b3-92d1-d5d869014f85	PATCH	/users	undefined
20221021	16:25:01	1f0bb061-d3bf-488f-b3ee-bc6cdba7d54a	GET	/users	undefined
20221021	16:25:31	cb97a1d5-d43c-4fc2-92ee-23f4939e266d	POST	/users	undefined
20221021	16:25:46	4590703c-1ab2-4933-a77b-d128121e85ab	POST	/users	undefined
20221021	16:26:09	45f46706-8846-4ef6-ba63-ff867cb209ab	PATCH	/users	undefined
20221021	16:26:16	9d0c1e2f-d758-4994-96aa-4484359e4930	PATCH	/users	undefined
20221021	16:26:32	3fd9a3e4-cebb-4f0f-a195-2f6e97e432f1	GET	/users	undefined
20221021	16:27:09	3bdef969-fc93-4d75-835c-682393c54f95	GET	/users	undefined
20221021	16:27:30	a9465558-7b60-4b9f-beeb-89f435a525b8	PATCH	/users	undefined
20221021	16:27:37	940f5c66-71e6-4c56-8ac1-2736a5999eee	GET	/users	undefined
20221021	16:28:01	2e109be5-4031-4f4a-8526-f445b2dd00e7	GET	/users	undefined
20221021	16:28:08	001e88ae-2c15-4fd2-bbc1-1bc37a0868a9	PATCH	/users	undefined
20221021	16:28:15	8742e1a1-f966-4987-b7b7-dd9c2be88bcb	GET	/users	http://localhost:3000
20221021	16:29:32	105d4a85-baf3-4df5-89b3-60a98b24f1bd	GET	/users	undefined
20221021	16:30:01	5000ebe4-8e36-4141-8f9a-e45e91835dc8	PATCH	/users	undefined
20221021	16:30:12	40abb93e-8f9e-4e6b-ad50-2289b9042d75	GET	/users	http://localhost:3000
20221021	16:43:20	4c877526-e953-4597-981d-6c29c242d68c	GET	/notes	http://localhost:3000
20221021	16:44:06	6447cfbe-b486-4809-b229-e5d957fb9df2	GET	/notes	http://localhost:3000
20221021	16:54:09	c32d8099-e3b2-4588-947a-1a0dc78a4182	GET	/notes	undefined
20221021	16:54:30	623df1d0-51e7-4c8a-8341-c87bc8262d31	GET	/notes	http://localhost:3000
20221021	16:54:45	296e9c30-2d11-435c-acce-63e846670e02	GET	/users	undefined
20221021	16:54:53	513933f4-9b3d-4012-a997-737b46ffbb72	GET	/note	undefined
20221021	16:54:59	31941b2a-2226-4540-9956-1b0cfbf5b652	GET	/notes	undefined
20221021	16:55:46	4e386c1e-6f9f-44d3-bd9e-1e7e5fa74bf8	GET	/notes	undefined
20221021	16:56:15	09700879-aaaf-4aa8-a7a1-88602631a6d9	GET	/note	undefined
20221021	16:57:33	dc4ba691-1dab-42db-b17b-35ab18dcd60e	GET	/users	undefined
20221021	16:58:11	979cd9a7-7c20-4022-95c7-96d23244c549	GET	/notes	http://localhost:3000
20221021	16:59:40	3d668be7-44ad-4d35-9f07-d6bf3996b353	GET	/notes	http://localhost:3000
20221021	17:05:10	1df7fc9a-0a61-48be-a1cb-15e9b51ec412	POST	/	undefined
20221021	17:05:17	4842f1a0-155c-4d7e-bee8-f97c226f0ae9	POST	/notes	undefined
20221021	17:06:00	9d6964a2-9c70-4de8-81a9-47e18cac423a	POST	/notes	undefined
20221021	17:06:26	f7c575c0-f409-4cc9-8e1d-6fca80eceafc	POST	/notes	undefined
20221021	17:06:39	595b8883-faa1-4cab-a600-c7daa9653cb1	POST	/notes	undefined
20221021	17:08:37	61c9d6d6-e8c3-426f-85b2-c2cb9013d1c9	GET	/users	undefined
20221021	17:08:45	e9483ac8-ebb4-4eea-9879-cb2d228c7009	GET	/user	undefined
20221021	17:08:51	804a55eb-638c-4f59-9f8b-46ba51e98b92	GET	/user	undefined
20221021	17:08:56	c85e0dd2-11b1-45f7-ac0f-0c68c43ff332	GET	/users	undefined
20221021	17:10:42	72dd96fa-2893-4a8f-bf41-71840769c85c	POST	/notes	undefined
20221021	17:11:00	938f7b9c-2ea7-457e-9730-34a858d634fe	POST	/notes	undefined
20221021	17:11:20	ddc41c2f-c49c-4f28-bfd4-e9fea84de08f	POST	/notes	undefined
20221021	17:11:35	9765168e-8ccd-4857-b571-54956c2afeb5	GET	/notes	http://localhost:3000
20221021	17:12:19	4ccad4d5-0e42-4d1b-9f39-b72f69443956	GET	/uerss	undefined
20221021	17:12:24	18f90d16-199b-4831-a519-99448a929f4e	GET	/uerss	undefined
20221021	17:12:33	fa2d69c5-8eb5-495b-b1ba-8970555bcbab	GET	/users	undefined
20221021	17:14:29	a415034e-7945-4701-b28b-562a255eb431	POST	/notes	undefined
20221021	17:15:00	c4b34fb0-2451-471b-8c3f-982ca5b343dd	PATCH	/notes	undefined
20221021	17:15:26	d1afd5a9-e5e9-4548-adf8-75ae7765a6ad	GET	/notes	undefined
20221021	17:15:48	989fe0fa-a001-460d-8b55-33576a56d966	GET	/notes	undefined
20221021	17:15:54	5ad8c053-a2a3-4b6c-9c86-d9e08b2883b9	PATCH	/notes	undefined
20221021	17:16:06	fe75c9f2-3839-4d3c-b372-964cae5de99c	PATCH	/notes	undefined
20221021	17:16:15	114a5fcc-9d87-4841-b6ea-a7d7918a18d6	GET	/notes	http://localhost:3000
20221022	08:12:30	373574c1-acef-4f70-be90-99148b6883a1	GET	/notes	http://localhost:3000
20221022	08:12:35	acfefe0a-d502-45e6-956c-1e727e5c0732	GET	/users	http://localhost:3000
20221022	08:37:16	099c1f01-9b95-441e-aef5-3860128a06ab	GET	/notes	http://localhost:3000
20221022	10:00:22	d88b542e-7424-4ad1-a7de-fa0345d2d3a0	GET	/notes	http://localhost:3000
20221022	10:00:32	e9300cf8-e517-416b-a642-2381bd65b437	GET	/users	http://localhost:3000
20221022	10:11:43	6bd7897a-b519-4019-b140-ae03292b73bc	GET	/users	http://localhost:3000
20221022	10:11:45	948cb3da-28b0-4e16-97a5-56ff9195cf4e	GET	/notes	http://localhost:3000
20221022	10:11:57	d54090a6-9225-4a7a-8893-a3220e356229	GET	/users	http://localhost:3000
20221022	10:11:57	586fd702-2bf0-45c2-ae44-d24d657c55f6	GET	/notes	http://localhost:3000
20221022	10:13:01	52028f3f-cfd9-4dd4-a5d9-7c084b864c90	OPTIONS	/users	http://localhost:3000
20221022	10:13:01	9fd159d4-72d2-492a-b43b-595a85218d7e	PATCH	/users	http://localhost:3000
20221022	10:13:02	706df455-56e5-412e-9186-c5c8af427ff2	GET	/users	http://localhost:3000
20221022	10:13:23	31c82b5e-ea5f-498b-85d6-ef2b95d70a88	OPTIONS	/users	http://localhost:3000
20221022	10:13:23	6afcbffa-6f11-4f56-91e9-82221979b449	PATCH	/users	http://localhost:3000
20221022	10:13:24	56055cdc-9553-45f8-b42f-e3bf4a180209	GET	/users	http://localhost:3000
20221022	10:13:42	de21c3c3-5809-4344-abac-5eb62e0ed3c7	GET	/notes	http://localhost:3000
20221022	10:13:42	b2ded4a9-369f-4846-916a-2f1ff9ad77c4	GET	/users	http://localhost:3000
20221022	10:14:07	87f63368-a309-4ef9-a7ce-9a43b46aa257	OPTIONS	/users	http://localhost:3000
20221022	10:14:07	46f36d0c-24f1-4abb-907a-c75ee70c0a28	POST	/users	http://localhost:3000
20221022	10:14:08	8c006d4a-de99-49dc-bddb-2f455e17ddf3	GET	/users	http://localhost:3000
20221022	10:14:37	ca7e62d1-a92f-4165-979b-24b5b3535a84	OPTIONS	/users	http://localhost:3000
20221022	10:14:37	91aee630-bb21-455b-bed8-133f07a86978	DELETE	/users	http://localhost:3000
20221022	10:14:37	043d9650-edbe-4af3-92b6-6046f4ca3c34	GET	/users	http://localhost:3000
20221022	10:20:19	71085c91-c9b1-49a9-bba7-b208d7b44778	GET	/users	http://localhost:3000
20221022	10:20:19	868ea8c8-fff8-406b-8072-45a4ad73adbe	GET	/notes	http://localhost:3000
20221022	10:21:20	136d05f2-c18b-41d6-b9f8-15e00779ecae	GET	/users	http://localhost:3000
20221022	10:22:22	9661f394-88c3-4d83-a3e4-21ea328a2987	GET	/users	http://localhost:3000
20221022	10:23:23	96115af7-3919-455e-b6f2-581ecc974b0f	GET	/users	http://localhost:3000
20221022	10:24:24	44415fce-a9c4-4ef5-a3f2-10ebda9b2261	GET	/users	http://localhost:3000
20221022	10:25:25	15bc5b6c-3163-44bf-aad5-686fb291d0ea	GET	/users	http://localhost:3000
20221022	10:26:26	58a8c330-11b4-4168-bfc6-a676285088c6	GET	/users	http://localhost:3000
20221022	10:27:27	d4082a0d-c8e2-4a7c-a9f7-ec0f8b0ca3f2	GET	/users	http://localhost:3000
20221022	10:28:28	5edd46d1-88b7-4b36-a16f-c78c92e3d665	GET	/users	http://localhost:3000
20221022	10:29:29	1278024c-1887-4dbe-a17a-d638ad36926c	GET	/users	http://localhost:3000
20221022	10:30:30	b66f7b9f-8311-4ff6-a05f-23340aaea4df	GET	/users	http://localhost:3000
20221022	10:31:31	aad2d235-2c8e-407f-a429-10621af9b80c	GET	/users	http://localhost:3000
20221022	10:32:32	e807d3ca-bbec-4059-aba1-2f28b0541492	GET	/users	http://localhost:3000
20221022	10:33:33	06e76e16-f65e-4659-be7c-384e25dbd9b3	GET	/users	http://localhost:3000
20221022	10:34:34	70c58d01-c73e-43dd-ba2f-9c1028546563	GET	/users	http://localhost:3000
20221022	10:35:35	d3d34697-6a42-4c32-ba43-7f15b8c4978b	GET	/users	http://localhost:3000
20221022	10:36:36	c686d2f3-dae0-40d0-a493-9f71b1bc63f2	GET	/users	http://localhost:3000
20221022	10:37:37	31589afc-3cde-4293-a883-38c8f281e543	GET	/users	http://localhost:3000
20221022	10:38:38	288b05f4-d164-4a1d-b3e1-e708ddfd9c58	GET	/users	http://localhost:3000
20221022	10:39:39	cdcd4f6c-864d-4dce-a683-5c2fd791a69d	GET	/users	http://localhost:3000
20221022	10:40:40	2c21bea9-be3d-4d3f-9c3b-7c880b41f72f	GET	/users	http://localhost:3000
20221022	10:41:41	4ceb54c5-fec1-4141-85e3-dbc0985bdf82	GET	/users	http://localhost:3000
20221022	10:42:42	9e6029f5-96ee-4af9-82c4-5ba134803326	GET	/users	http://localhost:3000
20221022	10:43:43	d0a91c8a-a15a-43c5-b21a-bd47c8af5944	GET	/users	http://localhost:3000
20221022	10:44:44	9b695a74-adf9-42f9-9c1a-a064daae88e3	GET	/users	http://localhost:3000
20221022	10:45:45	18ae8730-e265-4c9d-aaf6-de13647d937d	GET	/users	http://localhost:3000
20221022	10:46:46	8462f5c2-f024-4049-b885-72ad7bda0c8d	GET	/users	http://localhost:3000
20221022	10:47:47	bacad8a5-06ce-45ea-a4f3-d23537989063	GET	/users	http://localhost:3000
20221022	10:48:48	ff82725f-48f3-4181-be92-09eb7522f132	GET	/users	http://localhost:3000
20221022	10:49:49	350185df-50e1-438c-aadc-deaf3076d5de	GET	/users	http://localhost:3000
20221022	10:50:50	d5b4f16f-9e2f-472d-a7f3-f5e93fae8aed	GET	/users	http://localhost:3000
20221022	10:51:51	3ec4ddf7-0149-47f1-9613-610465070c3e	GET	/users	http://localhost:3000
20221022	10:52:52	5f8a299b-35aa-43d5-b1cc-b481cd8a0717	GET	/users	http://localhost:3000
20221022	10:53:53	4db9693c-7f83-47ba-881b-344a20cedab5	GET	/users	http://localhost:3000
20221022	10:54:54	d17c7896-95b0-40d7-84d2-9cf7be1e289b	GET	/users	http://localhost:3000
20221022	10:55:55	02d36698-3846-4c0c-a798-584eb65ed077	GET	/users	http://localhost:3000
20221022	10:56:56	60bfd092-f640-449a-8911-b409c85a36dc	GET	/users	http://localhost:3000
20221022	10:57:57	2b37b150-9b09-4939-b626-46906e8c5900	GET	/users	http://localhost:3000
20221022	10:58:58	f6691a0a-e54a-4452-b127-ef6baf8cdc1e	GET	/users	http://localhost:3000
20221022	10:59:59	950ad1db-e7f8-460f-90e7-e6773520d188	GET	/users	http://localhost:3000
20221022	11:01:00	41d6b744-4d52-4bac-9638-cce0ed6fa23e	GET	/users	http://localhost:3000
20221022	11:02:01	c0cc71d1-922b-42fa-b004-dc52dbfec7c7	GET	/users	http://localhost:3000
20221022	11:03:02	f02c346c-1d55-4d9c-b27b-21c8a148335a	GET	/users	http://localhost:3000
20221022	11:04:03	cbb68036-1ac6-43b0-b53e-782b2b78a80c	GET	/users	http://localhost:3000
20221022	11:05:04	66287ae7-f187-438f-a885-68cd4c90769a	GET	/users	http://localhost:3000
20221022	11:06:05	0448fb32-2732-4287-86ea-60bb1e1b4038	GET	/users	http://localhost:3000
20221022	11:07:06	0571bce7-abf1-4432-8ab7-a4f0325a1cb9	GET	/users	http://localhost:3000
20221022	11:08:07	9f788ba2-5773-4be8-8e04-61b383a4cfda	GET	/users	http://localhost:3000
20221022	11:09:08	a1b927af-3b97-45dc-9c03-026036fab197	GET	/users	http://localhost:3000
20221022	11:10:09	a826aef6-ee20-49ef-bb39-16815c9e2204	GET	/users	http://localhost:3000
20221022	11:11:10	119bd68b-2c2f-47bc-a5a1-b28a7516801e	GET	/users	http://localhost:3000
20221022	11:12:11	ea27812d-4038-4cd8-8866-a71ff3ba6411	GET	/users	http://localhost:3000
20221022	11:13:12	9fddba87-4abb-4e5b-b44f-963e9a521467	GET	/users	http://localhost:3000
20221022	11:14:13	94638dd0-e506-4e01-ac75-d0a01e49ee31	GET	/users	http://localhost:3000
20221022	11:15:14	a04da4d6-ffb8-443b-bca7-d2d07d18a94b	GET	/users	http://localhost:3000
20221022	11:16:15	9f14739b-0d51-4f81-a607-0d28ee5cd8bc	GET	/users	http://localhost:3000
20221022	11:17:16	7482dd0b-2747-4fda-8dca-8ee143458a64	GET	/users	http://localhost:3000
20221022	11:18:17	a8617e2e-a230-4bf7-88f2-053a54a62184	GET	/users	http://localhost:3000
20221022	11:19:18	80f72c82-8fcd-487e-a67f-5fc6ebd4d021	GET	/users	http://localhost:3000
20221022	11:20:19	d72d2291-60aa-4490-8c5b-66b12f680451	GET	/users	http://localhost:3000
20221022	11:21:20	d1fe23d2-67af-4566-b53a-e37fdf8828d2	GET	/users	http://localhost:3000
20221022	11:22:21	e53a395a-4b1d-4de7-aa16-be5e0440548a	GET	/users	http://localhost:3000
20221022	11:23:22	cbef976f-b4c1-4336-a298-06f817a36213	GET	/users	http://localhost:3000
20221022	11:24:23	ad6c44d8-0da8-4a2e-9791-d0c0abb9a1c2	GET	/users	http://localhost:3000
20221022	11:25:24	e353d4c8-7d6d-4604-8b64-67178b40c882	GET	/users	http://localhost:3000
20221022	11:26:25	9210b37a-a770-4894-a293-81908e72db01	GET	/users	http://localhost:3000
20221022	11:27:26	db160ead-0c78-4164-8184-0810a675a6f1	GET	/users	http://localhost:3000
20221022	11:28:27	6fa1c418-c691-4e11-bc5b-0f0f45c40e0f	GET	/users	http://localhost:3000
20221022	11:29:28	f7fc6076-b78d-41ea-8e79-8b1488f8ed70	GET	/users	http://localhost:3000
20221022	11:30:29	781625f8-385f-48c7-8e2d-7035b0332a34	GET	/users	http://localhost:3000
20221022	11:31:30	2413e7fc-527e-4502-8d44-5668cdb5b01a	GET	/users	http://localhost:3000
20221022	11:32:31	e9fe8977-ace1-4fb7-bf3e-1f0edee24d0a	GET	/users	http://localhost:3000
20221022	11:33:32	e2eddd53-084c-4cfe-9cd8-178c9ea4b363	GET	/users	http://localhost:3000
20221022	11:34:33	3d06056e-fe1d-4b7b-94b3-7f79adbc1cf1	GET	/users	http://localhost:3000
20221022	11:35:34	ed51f9b0-33b6-476d-af15-4b5d2d36c0fb	GET	/users	http://localhost:3000
20221022	11:36:51	c706012b-9abd-4524-add2-479b812d8921	GET	/users	http://localhost:3000
20221022	12:39:16	ba106c16-4bd9-49c7-a919-4c69618d011f	GET	/auth	undefined
20221022	12:39:16	25d7e72f-78e3-4967-9bb3-2227129ec417	GET	/users	http://localhost:3000
20221022	12:40:17	42db58d8-f239-42b2-b537-d7c9d1e7a4a1	GET	/users	http://localhost:3000
20221022	12:40:30	9be2fd3b-4d97-4385-b9f6-f70db5d75e84	POST	/auth	undefined
20221022	12:41:18	00c0a05b-c067-4e87-b336-cf501f23748b	GET	/users	http://localhost:3000
20221022	12:42:19	c1fa087f-0dc2-40be-b539-c2d9b449ea8a	GET	/users	http://localhost:3000
20221022	12:42:21	4e09e0a3-aff9-498b-b8ad-65c4a768a59b	GET	/refresh	undefined
20221022	12:42:37	56374900-280b-420f-8a96-233cc06829e0	GET	/auth/refresh	undefined
20221022	12:43:18	48c47ab7-2f5e-4e9b-80c8-a3c74a7af763	GET	/auth/refresh	undefined
20221022	12:43:20	49a5223b-62e4-4a45-8138-ca5d8d037b1b	GET	/users	http://localhost:3000
20221022	12:43:33	a2a6a4cd-b643-4a91-9c6d-2ecfa54f0d90	GET	/auth/logout	undefined
20221022	12:43:49	04d8a051-678d-471d-9611-aad2dda8a0be	POST	/auth/logout	undefined
20221022	12:44:08	ae5f7637-d05b-4b11-86fb-85223abce6a6	POST	/auth	undefined
20221022	12:44:21	2262fb0c-5d82-470a-9250-8f2d9452bc8f	GET	/users	http://localhost:3000
20221022	12:45:22	a486a0b8-ad25-4986-9758-40fdecd29c80	GET	/users	http://localhost:3000
20221022	12:47:14	320ff571-f027-486c-8ba3-78d48b267c25	POST	/auth	undefined
20221022	12:47:26	d3bdaf43-8d1e-41dc-93c4-39da7d0c3f27	GET	/users	http://localhost:3000
20221022	12:47:55	5135f090-f999-46d2-9f7f-66ee7b129bb6	GET	/notes	undefined
20221022	12:48:08	075965f5-f64f-45ee-8080-847e2bb28bdb	GET	/users	undefined
20221022	12:48:18	5ee49463-3086-4575-9cd9-24e67c5002f3	GET	/notes	undefined
20221022	12:48:27	a81fcd0e-f4d7-4d9a-ad55-ef8a29e42430	GET	/users	http://localhost:3000
20221022	12:49:28	0558df51-7382-49d5-b53a-f1fb6f4a74cd	GET	/users	http://localhost:3000
20221022	12:50:29	3d4e07b0-3d06-470b-9161-d502f8c07205	GET	/users	http://localhost:3000
20221022	12:51:30	4b4daeca-d7d5-44c1-817c-43ca2cda9e12	GET	/users	http://localhost:3000
20221022	12:52:31	acb4e2e4-f61b-40e9-84d2-83d9f40d4dca	GET	/users	http://localhost:3000
20221022	12:53:32	570e222c-83f4-4c80-8018-fc5a8ed20976	GET	/users	http://localhost:3000
20221022	12:54:33	7e6ac4cf-9c51-47c8-880e-cfc1ff2bd5ae	GET	/users	http://localhost:3000
20221022	12:55:34	055fd977-b925-49bf-9eb9-f86474f46186	GET	/users	http://localhost:3000
20221022	12:56:35	e130778a-d1c1-4aae-9f19-899cb28a8e62	GET	/users	http://localhost:3000
20221022	12:57:36	e4a73279-f5af-4af0-bdbd-27a8d1c468fb	GET	/users	http://localhost:3000
20221022	12:58:37	abc1bdd5-40ea-4bb6-a422-a9d29b08e408	GET	/users	http://localhost:3000
20221022	12:59:38	8dece1a1-bde4-4da4-b661-519268281277	GET	/users	http://localhost:3000
20221022	13:00:39	e2fa53be-3738-4245-b22b-0c3d22cb3dfa	GET	/users	http://localhost:3000
20221022	13:01:40	6aa62c53-1ba1-450d-8b51-6f119dcc1c68	GET	/users	http://localhost:3000
20221022	13:02:41	f44f9c87-2971-4c49-a045-fddd97ff0441	GET	/users	http://localhost:3000
20221022	13:03:43	3ba308bc-7c56-466b-b2cf-2556c889f5b7	GET	/users	http://localhost:3000
20221022	13:04:43	034bae10-cf8e-4b6e-97f4-3629e6b20089	GET	/users	http://localhost:3000
20221022	13:05:44	3e1e0b75-d28f-489c-aa0b-609ef01ee54b	GET	/users	http://localhost:3000
20221022	13:06:45	77e77827-2e9d-4dc1-9c0f-e14a06f03813	GET	/users	http://localhost:3000
20221022	13:07:46	261a799a-1d64-4d8d-a4c0-a698931366cd	GET	/users	http://localhost:3000
20221022	13:08:47	af00a71b-ce7f-4eba-9cf7-0e030ac973f8	GET	/users	http://localhost:3000
20221022	13:09:48	eed396df-4b3b-4849-ae17-d299b7c02a86	GET	/users	http://localhost:3000
20221022	13:10:49	53dc718b-f448-4538-a524-b32344174516	GET	/users	http://localhost:3000
20221022	13:11:50	8cbdf6d0-1cf2-46f9-b542-335114958e23	GET	/users	http://localhost:3000
20221022	13:12:51	b23a957f-19ff-4bee-be8a-c48c17c12296	GET	/users	http://localhost:3000
20221022	13:13:55	c0acb1c9-6111-4970-a004-595d1ae232e4	GET	/users	http://localhost:3000
20221022	13:14:55	1f0bba12-f342-4f11-8b75-d4c4f1a415ea	GET	/users	http://localhost:3000
20221022	13:15:22	b20214df-fe75-4439-bef7-aad54150b616	GET	/users	http://localhost:3000
20221022	13:15:22	e448cf8f-d758-43e0-b088-dd0dc2dd64ad	GET	/notes	http://localhost:3000
20221022	13:16:28	1448e9fd-9a73-4f15-943a-5af05c81d9ea	GET	/users	http://localhost:3000
20221022	13:17:29	b9b112e4-e235-4756-8250-71a0f148e066	GET	/users	http://localhost:3000
20221022	13:18:30	a2e13ad8-dbe6-4f42-9d04-970b10c2b0e3	GET	/users	http://localhost:3000
20221022	13:19:31	cd718ac8-bcff-4560-8c49-6f1ec6986a80	GET	/users	http://localhost:3000
20221022	13:20:32	0044baad-53a5-4790-befb-1c050ab69db0	GET	/users	http://localhost:3000
20221022	13:21:33	18199bf7-6996-4198-9a9c-1a0ba5e6508f	GET	/users	http://localhost:3000
20221022	13:22:34	194d78a3-c728-43ff-9360-13aa20656b2e	GET	/users	http://localhost:3000
20221022	13:23:35	315679e7-a6f1-4de9-b56e-eccd20189059	GET	/users	http://localhost:3000
20221022	13:24:36	827cab20-a555-42dd-a92a-bba2f0f0f6a7	GET	/users	http://localhost:3000
20221022	13:25:37	6574407b-2b2c-4384-90f8-c7b47341524d	GET	/users	http://localhost:3000
20221022	13:26:38	2a294c3b-b03d-4f8e-80a1-225237b49fb6	GET	/users	http://localhost:3000
20221022	13:27:39	399ce272-bf2f-4f39-837f-7dbdd5532d7c	GET	/users	http://localhost:3000
20221022	13:28:40	b6b54d90-e66a-4697-9783-b88dfb4ba837	GET	/users	http://localhost:3000
20221022	13:29:41	43a7518a-e773-428c-9158-880ff1f5fac7	GET	/users	http://localhost:3000
20221022	13:30:42	a90ea6aa-3633-437d-a7f9-900fa8d6ba78	GET	/users	http://localhost:3000
20221022	13:31:44	c7de1fc0-aaaf-4d93-a375-0bfd2795acc4	GET	/users	http://localhost:3000
20221022	13:32:44	35dafad8-8a24-4340-b878-1c7857c5326f	GET	/users	http://localhost:3000
20221022	13:33:45	8cb0f77a-513a-4523-98cd-38c28a83a666	GET	/users	http://localhost:3000
20221022	13:34:46	b932e034-be3e-4094-ba20-e604faa7f475	GET	/users	http://localhost:3000
20221022	13:35:47	9b5f6a26-494f-460f-be8c-f96430eaf0d1	GET	/users	http://localhost:3000
20221022	13:36:48	420d8662-4bc7-456e-aa0b-8da552af2748	GET	/users	http://localhost:3000
20221022	13:37:49	7f93063d-9e57-4876-af67-3bd9270eaa9f	GET	/users	http://localhost:3000
20221022	13:38:50	d477f937-d90f-4be2-9c45-0298818b62b4	GET	/users	http://localhost:3000
20221022	13:39:51	7a0a912f-92d5-4f34-aa25-89e4c817941f	GET	/users	http://localhost:3000
20221022	13:40:52	d1649e00-5740-43f0-b51c-789176a18b7c	GET	/users	http://localhost:3000
20221022	13:41:53	ffa2cd96-aefd-4568-9d0f-4f28b59e6644	GET	/users	http://localhost:3000
20221022	13:42:54	169a35f5-e8b2-4806-b40f-55ca54f9e467	GET	/users	http://localhost:3000
20221022	13:43:55	c0c7b1f2-bbbd-4113-a3ff-af9cda9fb5c7	GET	/users	http://localhost:3000
20221022	13:44:22	5d7c5f0c-83b4-4a30-ab8d-fd3992d37639	GET	/users	http://localhost:3000
20221022	13:44:33	91e98d98-2ade-4a92-939e-9dc158859279	GET	/notes	http://localhost:3000
20221022	13:44:43	0301a321-4f02-4856-8c25-753adc2f8f71	POST	/auth/logout	http://localhost:3000
20221022	13:44:53	7f5c41e9-06b1-4f72-9f4f-ac0d29456750	OPTIONS	/auth	http://localhost:3000
20221022	13:44:53	0a05c49b-5698-43bc-ba49-c748a0ce81fe	POST	/auth	http://localhost:3000
20221022	13:44:53	0f73e898-e2ec-4399-9876-302ad1fa671b	GET	/notes	http://localhost:3000
20221022	13:44:53	4209e0a2-05e2-40ba-b23d-bc1dd11ba786	GET	/users	http://localhost:3000
20221022	13:44:56	cc24b65a-e3ef-44fa-995a-f660a9c891a5	GET	/notes	http://localhost:3000
20221022	13:45:09	a72b7beb-7c9f-4159-9738-84235a6e0a02	GET	/notes	http://localhost:3000
20221022	13:45:09	20abdba3-05a5-4bc7-8b06-46e8c3718264	GET	/users	http://localhost:3000
20221022	13:45:12	3d147245-06dd-4f31-8b94-67a8ef443953	GET	/notes	http://localhost:3000
20221022	13:45:16	abbc42ce-d1d7-4233-8adb-071ddcb0fe34	GET	/users	http://localhost:3000
20221022	13:45:16	f1b8027b-557a-4c90-ac54-391f459f0903	GET	/notes	http://localhost:3000
20221022	13:45:17	927823c6-217a-4027-9f96-9b89a3dc4147	POST	/auth/logout	http://localhost:3000
20221022	13:45:17	101c27a2-8656-4e47-9715-6d317375c9ca	GET	/users	http://localhost:3000
20221022	13:45:29	531d3c69-db23-464b-ba63-ba247819287c	GET	/users	undefined
20221022	13:45:32	57a4db7c-c0cd-4dd0-becf-de75c231bf60	GET	/users	http://localhost:3000
20221022	13:45:33	aecc6d8b-d5ca-41a4-ae98-51618ddd3f48	GET	/users	http://localhost:3000
20221022	13:45:48	a4872827-1d69-4dbf-bb3e-55e8eb078e1d	GET	/users	http://localhost:3000
20221022	13:45:58	5358bbd0-6fae-4a10-a62d-400138bb595e	GET	/users	http://localhost:3000
20221022	13:46:05	7c885702-3961-4cb8-ac2c-a3bf8a416372	OPTIONS	/auth	http://localhost:3000
20221022	13:46:05	a62e5573-8d68-4aa6-adfc-80ebea02f3ca	POST	/auth	http://localhost:3000
20221022	13:46:09	9c62b280-4e3f-43a8-9a8c-293cd1363067	POST	/auth	http://localhost:3000
20221022	13:46:18	6e3ac6cf-def6-4a77-bf99-76422542e5c6	OPTIONS	/auth	http://localhost:3000
20221022	13:46:18	645df436-96bf-4a90-a46a-d9f55f73578c	POST	/auth	http://localhost:3000
20221022	13:46:19	29693567-3c4c-44fa-8ffe-5aa50f3bfd61	GET	/notes	http://localhost:3000
20221022	13:46:19	e651fa1d-1475-4e4d-abc4-edbd0e3485e9	GET	/users	http://localhost:3000
20221022	13:46:21	dad0639a-c7c0-4b07-adda-52004e876365	GET	/users	http://localhost:3000
20221022	13:46:22	74549ec3-9b25-4922-bd0d-ce97a8f4390b	GET	/notes	http://localhost:3000
20221022	13:46:33	300c5c73-c22a-435c-bfb2-24443aab1df8	GET	/users	http://localhost:3000
20221022	13:46:40	4b4560b9-2fd7-4f0c-833d-149e1b1a1719	OPTIONS	/users	http://localhost:3000
20221022	13:46:41	07a9c12a-e3b1-4d77-9b35-05d1df3cfd7d	POST	/users	http://localhost:3000
20221022	13:46:41	2c8b704b-1ab6-4e21-bd43-5c10a701e56f	GET	/users	http://localhost:3000
20221022	13:46:45	068403c3-a7cd-464c-a938-64a2bbe03735	GET	/users	http://localhost:3000
20221022	13:46:55	25b2d6ef-682e-4ff6-b167-6d2bbf300005	OPTIONS	/users	http://localhost:3000
20221022	13:46:55	4eed3acc-8f72-425e-8ecf-83a3f763e622	POST	/users	http://localhost:3000
20221022	13:46:55	4bce1593-cae6-4212-a103-e2bda2b121e0	GET	/users	http://localhost:3000
20221022	13:47:01	955ce733-1d6d-4863-a5e7-098389ec00af	OPTIONS	/users	http://localhost:3000
20221022	13:47:01	0ba8ca73-4cfa-42bd-b1be-8ab7a01e6de0	POST	/users	http://localhost:3000
20221022	13:47:01	639ba6f9-287f-445b-9b7d-4e5afb920512	GET	/users	http://localhost:3000
20221022	13:47:03	84260480-6516-4c83-adb2-16546fbad0f6	POST	/users	http://localhost:3000
20221022	13:47:03	6abe6b6c-8528-4bb2-9786-f205bbbcef5a	GET	/users	http://localhost:3000
20221022	13:47:16	a5eb4cbb-7924-4829-be3c-aab634a5de0e	GET	/users	http://localhost:3000
20221022	13:47:28	67be9814-acc3-432d-b55f-c1872afa71c0	GET	/users	http://localhost:3000
20221022	13:47:59	b1c1cdb0-594b-4c00-9706-3fa2e1f19a35	GET	/users	http://localhost:3000
20221022	13:48:01	9e2e4641-44da-4d2e-a637-66209fdcb82a	GET	/users	http://localhost:3000
20221022	13:48:22	b68eff8b-2a18-4ce0-b1b1-fb3ca493aa1e	GET	/users	http://localhost:3000
20221022	13:49:19	7a4bacbe-84a6-4530-a75f-77dd7921fc7e	GET	/users	http://localhost:3000
20221022	13:49:19	42e3fad9-9820-4ff0-a1e5-cdebfaec0a5b	GET	/users	http://localhost:3000
20221022	13:49:47	e7a7de25-6b34-4408-a8ce-beeac7c7ae8f	GET	/users	http://localhost:3000
20221022	13:49:49	b73c36f6-e84c-4f79-b931-7fe2e0aec675	GET	/users	http://localhost:3000
20221022	13:49:53	29f1438d-0b0f-4fac-a7fc-a375243d853e	OPTIONS	/users	http://localhost:3000
20221022	13:49:53	f7da1b6c-825c-4c51-b120-49e4497e5162	POST	/users	http://localhost:3000
20221022	13:49:53	f22d8955-a288-49ae-9d7a-c730ea3f6369	GET	/users	http://localhost:3000
20221022	13:49:56	034f42ff-6e57-4696-a84e-a7edc7749908	POST	/users	http://localhost:3000
20221022	13:49:56	02ba0be9-617c-4cb9-9cfb-2dca7b88566b	GET	/users	http://localhost:3000
20221022	13:50:00	7ce21b7e-6f33-43ef-8d02-4f642cb631ac	OPTIONS	/users	http://localhost:3000
20221022	13:50:00	30c50518-a0ba-4695-8fbf-aaa9dda04d74	POST	/users	http://localhost:3000
20221022	13:50:00	4d68d784-010d-4512-9ceb-ffb5636c9efd	GET	/users	http://localhost:3000
20221022	13:50:02	94655702-ff83-412c-ac64-d89146eab247	POST	/auth/logout	http://localhost:3000
20221022	13:50:07	d5fe0d9e-e41a-4c94-acec-eca5f2db6ced	OPTIONS	/auth	http://localhost:3000
20221022	13:50:07	f109a8f0-a2b3-4637-ac25-ff60daae73a1	POST	/auth	http://localhost:3000
20221022	13:50:11	997e043a-860a-4cc1-8339-1345cf6f8b79	POST	/auth	http://localhost:3000
20221022	13:50:18	722b971b-4f93-4cd1-b48c-1955f3536afb	OPTIONS	/auth	http://localhost:3000
20221022	13:50:18	87e99543-001f-46fd-bd8e-0abf6eb263d1	POST	/auth	http://localhost:3000
20221022	13:50:22	5705b13e-37d0-4030-9b47-d4a289f551ef	POST	/auth	http://localhost:3000
20221022	13:50:30	1f6dd01c-6712-4ec0-b13b-508304687293	OPTIONS	/auth	http://localhost:3000
20221022	13:50:30	766d6a66-1334-441e-9e4a-ecc898b9e68e	POST	/auth	http://localhost:3000
20221022	13:50:32	d5cca910-2699-4e76-9df2-5a3ac7fc6322	POST	/auth	http://localhost:3000
20221022	13:50:37	1e89d22e-7a80-4422-9561-66a8704fc8aa	OPTIONS	/auth	http://localhost:3000
20221022	13:50:37	c2da3b06-b56d-4cd9-be6f-972e2300a7e5	POST	/auth	http://localhost:3000
20221022	13:50:40	65111e8c-6a3c-4d8d-bec6-4db595427670	POST	/auth	http://localhost:3000
20221022	13:50:53	8af22330-769b-4103-ba7d-95f584c6d06d	OPTIONS	/auth	http://localhost:3000
20221022	13:50:53	efa8b222-d964-4584-a50f-a5d1e56e537d	POST	/auth	http://localhost:3000
20221022	13:50:54	ff78503c-af09-412d-afa6-4cc77520c64e	GET	/notes	http://localhost:3000
20221022	13:50:54	565ddc29-d024-4f98-8637-4ac325f38472	GET	/users	http://localhost:3000
20221022	13:50:57	e0b8ae31-08e1-477d-a90f-94da7a4606cb	GET	/notes	http://localhost:3000
20221022	13:51:12	7eb29750-8200-4762-8ac2-064f87b718c6	GET	/notes	http://localhost:3000
20221022	13:51:12	b68db14b-47de-4856-9f0a-59c9740052af	GET	/users	http://localhost:3000
20221022	13:51:14	7b07efbf-ece6-40ac-8725-0191afacc481	GET	/users	http://localhost:3000
20221022	13:51:16	b2992f55-003d-4fd9-a8e2-998681dc8075	POST	/auth/logout	http://localhost:3000
20221022	13:51:16	f45f8ba0-e2e3-49d3-8154-8609c1e5f274	GET	/users	http://localhost:3000
20221022	13:51:32	c7ce3194-4e05-44fc-a81a-d9f650708ed5	GET	/users	http://localhost:3000
20221022	13:51:37	32076991-7af1-4456-b876-2ba786114747	OPTIONS	/auth	http://localhost:3000
20221022	13:51:37	1bf1a203-72b0-4b6b-91fa-0d3da424157f	POST	/auth	http://localhost:3000
20221022	13:51:39	21d87481-5fef-436b-a618-2614313d0b3d	GET	/notes	http://localhost:3000
20221022	13:51:39	e734e01c-f51c-4bc9-9d14-45a0f91c50c1	GET	/users	http://localhost:3000
20221022	13:51:41	00d56cf0-d356-4978-af8c-0bc0c1fc486f	GET	/users	http://localhost:3000
20221022	13:51:53	eb4a5989-7666-4406-82b2-d3377abffd09	GET	/users	http://localhost:3000
20221022	13:52:55	de20ed3f-a52c-45a9-ad79-9f8f6d02878d	GET	/users	http://localhost:3000
20221022	13:53:14	b3a6dda1-a494-4126-bd3a-db87e569485d	GET	/users	undefined
20221022	13:53:55	e0fe1342-48cb-4b3b-82ed-0d4bef4ce23a	GET	/users	http://localhost:3000
20221022	13:54:04	c1021b8d-68fd-4f9c-a4ac-4fa8651a1d6d	GET	/users	http://localhost:3000
20221022	13:54:05	eb28bf3e-c4fb-4b74-844d-1b70dfa2a056	POST	/auth/logout	http://localhost:3000
20221022	13:54:11	ecdfc1c3-bcea-4463-9b06-7894f1a4fec8	OPTIONS	/auth	http://localhost:3000
20221022	13:54:11	5c9e8276-3c08-4012-b696-70eb28e74446	POST	/auth	http://localhost:3000
20221022	13:54:11	e02c457b-26ab-41a4-95a8-eeedfb8a1ba0	GET	/notes	http://localhost:3000
20221022	13:54:11	05d53fe1-bc86-40c1-9dd8-3e422a26df39	GET	/users	http://localhost:3000
20221022	13:54:17	8fe552b2-ab93-4732-807b-6949a4f4e7af	GET	/notes	http://localhost:3000
20221022	13:54:19	e54ed469-ed04-4901-b22a-0aef5e499d7d	GET	/notes	http://localhost:3000
20221022	13:54:24	e06f518c-4d7c-43a7-9585-bcf7059033aa	GET	/notes	http://localhost:3000
20221022	13:54:24	7288b679-bf3b-4e2f-bdaf-fae701c2bca9	GET	/users	http://localhost:3000
20221022	13:54:29	6428be4c-c6be-4017-bc0b-7e7549b363d9	GET	/users	http://localhost:3000
20221022	13:54:50	ac727898-63ca-4cb7-8f35-bcfd40b20a4b	OPTIONS	/users	http://localhost:3000
20221022	13:54:50	d97e806a-0292-44e8-ba9d-57370945e5c8	POST	/users	http://localhost:3000
20221022	13:54:50	b7d75b9e-202a-4a8b-aab2-df20db6d3b0d	GET	/users	http://localhost:3000
20221022	13:54:52	ae9d34d1-66f5-4bd7-a8eb-8fe9d5976a95	POST	/auth/logout	http://localhost:3000
20221022	13:55:20	37173f33-1d4f-45a3-bfa8-de54eba09e7d	OPTIONS	/auth	http://localhost:3000
20221022	13:55:20	724377e6-c09f-41f7-a340-00fe7b470507	POST	/auth	http://localhost:3000
20221022	13:55:23	f3fc0ad8-76e8-4311-a85c-b86e29e0e990	GET	/notes	http://localhost:3000
20221022	13:55:23	07919b2b-5198-46b5-aaa1-c9ee03458c8f	GET	/users	http://localhost:3000
20221022	13:57:49	aad9f385-f24d-470a-b152-8921fdd4b977	GET	/notes	http://localhost:3000
20221022	13:57:49	0b0782de-6d86-4992-bf12-f12d681b89a8	GET	/users	http://localhost:3000
20221022	13:57:59	343a8c5b-e4b8-41c0-abff-7c01746a176a	GET	/users	http://localhost:3000
20221022	13:58:05	7867f533-bf9a-4b29-8024-8848ce101995	GET	/notes	http://localhost:3000
20221022	13:58:45	222ca5ab-d691-4b55-82ab-5f2a0239507c	POST	/auth/logout	http://localhost:3000
20221022	13:59:09	8af75313-ed2e-470f-9fdb-9dcb02a4aff9	OPTIONS	/auth	http://localhost:3000
20221022	13:59:09	de1b518b-ff91-460c-bf2b-30913a4c5ab5	POST	/auth	http://localhost:3000
20221022	13:59:09	61ca2f32-1774-483d-b470-51074348008c	GET	/notes	http://localhost:3000
20221022	13:59:09	954867d4-2b64-4241-beae-174caedb8c94	GET	/users	http://localhost:3000
20221022	14:00:06	7fd09452-39d3-4f3b-a56f-f267d3ac1e9c	GET	/notes	http://localhost:3000
20221022	14:00:23	ee649138-2c10-4314-a156-cb8c457a237d	GET	/notes	http://localhost:3000
20221022	14:00:39	e3998811-8f0e-47cf-a812-c851230cd8a2	GET	/notes	http://localhost:3000
20221022	14:00:54	16405e86-ee8c-4992-985a-ca8986501468	GET	/notes	http://localhost:3000
20221022	14:01:09	7f0b165f-7846-48b5-adf4-34fd88bf8926	GET	/notes	http://localhost:3000
20221022	14:01:18	322e24b5-e899-4ca5-8c9a-80a07f603ca3	GET	/notes	http://localhost:3000
20221022	14:01:18	4b262c14-5df3-4641-b280-bf213729d98a	POST	/auth/logout	http://localhost:3000
20221022	14:01:18	9338aab6-cd76-4319-b8d4-5fada149205f	GET	/notes	http://localhost:3000
20221022	14:01:24	bff29fc5-ef16-4cd7-8bd0-1b146fb619e0	GET	/notes	http://localhost:3000
20221022	14:01:30	14d718c2-2500-4665-9327-ea65d92d1c02	GET	/notes	http://localhost:3000
20221022	14:01:36	e0d229c0-4005-48af-83f0-e1b761a3dc21	GET	/notes	http://localhost:3000
20221022	14:01:46	dd099cb1-a901-4db5-8c87-1fb5d3e66a95	OPTIONS	/auth	http://localhost:3000
20221022	14:01:46	c39be1f1-8a7a-498d-9da4-92430db0a5a7	POST	/auth	http://localhost:3000
20221022	14:01:46	b308bf38-d635-4c2c-b24c-cf00951a5c7b	GET	/notes	http://localhost:3000
20221022	14:01:46	c847dcbc-a0b3-4b90-a142-8bfa0349c5d5	GET	/users	http://localhost:3000
20221022	14:02:02	b535e849-96d4-4462-a029-71f6de6b295e	GET	/notes	http://localhost:3000
20221022	14:02:15	04eab4f1-3490-4408-a4c4-32aeba60f376	GET	/notes	http://localhost:3000
20221022	14:02:15	311e1b8c-6e36-4448-8c03-500f9ac719c2	GET	/notes	http://localhost:3000
20221022	14:02:25	c14b2934-fa28-4a4d-b952-7841570ae56a	GET	/notes	http://localhost:3000
20221022	14:02:25	45c146aa-f5b4-4c2d-a3bc-f81c6a369e8a	POST	/auth/logout	http://localhost:3000
20221022	14:02:25	695fe9b9-f26b-43ff-901d-def0dad65c5b	GET	/notes	http://localhost:3000
20221022	14:02:30	2600228c-1192-4827-9812-384f76656620	OPTIONS	/auth	http://localhost:3000
20221022	14:02:30	419232bb-5183-4acc-a08f-071e5d37b40e	POST	/auth	http://localhost:3000
20221022	14:02:31	137e679b-d7a1-441c-8694-0faa4ed08206	GET	/notes	http://localhost:3000
20221022	14:02:31	b21372a5-f07b-4e2f-bdde-210aa467a190	GET	/users	http://localhost:3000
20221022	14:02:31	c88e919b-0954-4b53-890f-fff837a910e9	GET	/users	http://localhost:3000
20221022	14:02:44	8ad12963-69a5-47a8-85d5-c58b60468d04	GET	/notes	http://localhost:3000
20221022	14:02:44	fef79961-c2ec-43b8-9627-202896c0a86b	GET	/users	http://localhost:3000
20221022	14:02:44	ee1eb151-df98-405b-9399-38c40b618695	POST	/auth/logout	http://localhost:3000
20221022	14:02:44	6bea20de-9fcb-4edb-8ed3-1bfefcc67a48	GET	/users	http://localhost:3000
20221022	14:02:58	582e9b41-13d5-4dc7-81df-77b2696b406c	GET	/users	http://localhost:3000
20221022	14:03:06	3f68cfa7-1e63-46ed-8ad5-2d97993ab9dd	GET	/users	http://localhost:3000
20221022	14:03:12	33a7e139-ac15-4a83-942b-fde0fea96f35	GET	/users	http://localhost:3000
20221022	14:04:10	95c46bbe-9d91-4c7d-bdf6-1a3a17dcfad1	GET	/users	http://localhost:3000
20221022	14:05:11	85587235-c924-4032-bfcf-032bd4dd0f32	GET	/users	http://localhost:3000
20221022	14:06:07	8dd82226-2ebd-4771-886d-5822ef604b95	GET	/users	http://localhost:3000
20221022	14:06:08	829b489c-202b-42fe-a209-d500f3fd3226	GET	/users	http://localhost:3000
20221022	14:07:02	8b4be5ad-a787-47a5-ac0a-ceb4fa86d025	GET	/users	http://localhost:3000
20221022	14:08:02	d518762b-9dc9-4a8c-8a0e-9cf0916184bc	GET	/users	http://localhost:3000
20221022	14:08:26	e67e8a00-39b0-451e-8a86-b4856af6413b	GET	/users	http://localhost:3000
20221022	14:09:27	a1e23b24-9058-433a-b73d-cff7977617b5	GET	/users	http://localhost:3000
20221022	14:10:14	38a834a0-c117-47fe-928c-117ce49c6c34	GET	/users	http://localhost:3000
20221022	14:10:44	829ba1f7-89aa-43ce-a44b-84642c6a1647	GET	/users	http://localhost:3000
20221022	14:12:31	ff4feb4d-7d99-4e53-98a2-0e59b479875e	GET	/users	http://localhost:3000
20221022	14:13:10	5d324f5c-504d-4506-a24f-f08a67ca1926	GET	/users	http://localhost:3000
20221022	14:13:48	da7ebb01-1140-4ce1-abc1-36b5c08fe77e	OPTIONS	/auth	http://localhost:3000
20221022	14:13:48	ca856944-2c0a-478c-a7e7-6c0cff586ac6	POST	/auth	http://localhost:3000
20221022	14:13:49	942804d7-ff36-46ca-a22b-9e9935146583	OPTIONS	/notes	http://localhost:3000
20221022	14:13:49	8d2dba89-a017-4bfd-835d-fbc43688ebf9	OPTIONS	/users	http://localhost:3000
20221022	14:13:49	99cd32ca-2f36-4cb0-98f8-ffbaf935aca8	GET	/notes	http://localhost:3000
20221022	14:13:49	709d08df-99bc-427e-ab39-9e056df52b6c	GET	/users	http://localhost:3000
20221022	14:13:50	86f8d45c-c1f5-4ec1-87b2-3e6e67f43eaf	GET	/notes	http://localhost:3000
20221022	14:13:54	d66cd03d-60a5-4a9c-bb44-6a3a4e6bc41f	OPTIONS	/notes	http://localhost:3000
20221022	14:13:54	02a267d5-3506-442b-a469-216d914db075	GET	/notes	http://localhost:3000
20221022	14:13:58	bca1a03e-d535-4d2e-a801-49a95ec4e5ea	OPTIONS	/users	http://localhost:3000
20221022	14:13:58	c1e9ae33-c1e3-49cc-8ca6-507009031c75	GET	/users	http://localhost:3000
20221022	14:14:04	04034362-2f64-4792-a4e4-5875b3fa8821	OPTIONS	/users	http://localhost:3000
20221022	14:14:04	b8f0b9df-3c41-44f4-acfd-30cea898425a	GET	/users	http://localhost:3000
20221022	14:15:31	c0d11d0e-6adb-407e-878e-bd18a57bcaea	GET	/notes	http://localhost:3000
20221022	14:15:31	af13e1f4-fb1c-4124-a8e3-2c2e5ed44fc4	GET	/users	http://localhost:3000
20221022	14:15:41	22ed7166-dab1-4964-976a-19e70acf0d97	GET	/notes	http://localhost:3000
20221022	14:15:48	f8415ce7-fec4-4b4f-99db-1563e068f107	POST	/auth/logout	http://localhost:3000
20221022	14:23:38	e4afbe4d-91d8-40db-a68a-4a465149523f	OPTIONS	/auth	http://localhost:3000
20221022	14:23:38	a288dc3c-5bc7-4302-bfa2-a5ecdd3ee476	POST	/auth	http://localhost:3000
20221022	14:23:39	0026b70c-3969-4dc0-b84b-4f257667ba93	OPTIONS	/notes	http://localhost:3000
20221022	14:23:39	ba5c06e1-7296-4fc6-ac12-2e59da64d035	OPTIONS	/users	http://localhost:3000
20221022	14:23:39	b128d86f-10d3-4fdf-9ebe-2b8f4fb526c4	GET	/notes	http://localhost:3000
20221022	14:23:39	612fa831-0b31-46c8-bbf5-d5d36aa582c5	GET	/users	http://localhost:3000
20221022	14:23:59	8f2ad637-fa52-4304-9e18-c9119dc7c121	OPTIONS	/notes	http://localhost:3000
20221022	14:23:59	35133191-f50f-4cea-8b1f-081ff4e5df00	GET	/notes	http://localhost:3000
20221022	14:24:03	da9ab391-4c41-41d8-92b7-7d8f3af3d6a2	GET	/notes	http://localhost:3000
20221022	14:24:18	ad68e7f4-0b72-43e1-bec2-06a7949d2125	OPTIONS	/notes	http://localhost:3000
20221022	14:24:18	987d7d19-7340-49d8-851a-74da2b673c46	GET	/notes	http://localhost:3000
20221022	14:24:34	0f9fd950-c4f5-4709-856f-9854ff14e77c	OPTIONS	/notes	http://localhost:3000
20221022	14:24:34	0e835e03-a5e6-4266-b420-10f83183238b	GET	/notes	http://localhost:3000
20221022	14:24:49	420e686e-f0e6-4fff-9354-164c6b6e4941	OPTIONS	/notes	http://localhost:3000
20221022	14:24:49	5a57b46d-2a42-4c07-b222-fe5966862df3	GET	/notes	http://localhost:3000
20221022	14:24:49	2c8fee3f-ed0b-45e4-88da-5d5f60f5de2c	OPTIONS	/auth/refresh	http://localhost:3000
20221022	14:24:49	2da3be10-6ff9-4524-ba79-22911198aae3	GET	/auth/refresh	http://localhost:3000
20221022	14:24:49	38a05472-f037-40e0-8e7d-bfbed544b288	GET	/notes	http://localhost:3000
20221022	14:25:05	b7982390-1431-4b43-bd13-b7ed39267fa8	OPTIONS	/notes	http://localhost:3000
20221022	14:25:05	20605ada-7b20-4bad-afa6-161e57945461	GET	/notes	http://localhost:3000
20221022	14:25:10	8a146651-89e3-432b-8fe3-82458783b5b3	OPTIONS	/notes	http://localhost:3000
20221022	14:25:10	2f62481e-9b5a-43fc-82cd-da93fb206498	GET	/notes	http://localhost:3000
20221022	14:25:14	263a19bc-f497-4312-9edb-85bac2ef3274	GET	/notes	http://localhost:3000
20221022	14:25:23	8ac03b3f-18f9-47d0-92c0-649b09082fe6	OPTIONS	/notes	http://localhost:3000
20221022	14:25:23	97bb7643-27d3-4bb1-9a66-801adcdf75bd	GET	/notes	http://localhost:3000
20221022	14:25:39	ba3b1b66-845d-4001-ac6a-8f014750bbb7	GET	/notes	http://localhost:3000
20221022	14:25:39	80fe43b7-c463-4ec0-8319-f117d2814dd2	GET	/users	http://localhost:3000
20221022	14:25:47	f1c7ec69-6d6e-46c1-ba42-c48e0f420782	GET	/notes	http://localhost:3000
20221022	14:25:47	9254c2ef-779e-47c5-a0b0-f14ac5880f89	POST	/auth/logout	http://localhost:3000
20221022	14:25:48	8819c8eb-69a3-4e1f-8520-be2eb6acc1c5	GET	/notes	http://localhost:3000
20221022	14:26:04	33c68268-88ce-4a6f-88cd-b25e528205bb	GET	/notes	http://localhost:3000
20221022	14:26:19	5abf8ed8-c2ea-4899-bf6e-44a1b34c7583	GET	/notes	http://localhost:3000
20221022	14:26:41	5caa7a10-ead1-43c2-b450-3f95c186e389	GET	/notes	http://localhost:3000
20221022	14:26:57	e0f1010e-0765-4b76-8843-0d2a864d41a1	GET	/notes	http://localhost:3000
20221022	14:27:19	1c4fea27-7fbb-47d1-a2bb-f05925e2cb28	GET	/notes	http://localhost:3000
20221022	14:30:52	6aa9d424-50eb-4839-9026-0d9666f95d0a	GET	/notes	http://localhost:3000
20221022	14:31:02	7769a70d-b191-47d1-9011-0555209d9f21	GET	/notes	http://localhost:3000
20221022	14:31:05	25779924-6f75-48fd-b511-2b9cbc1459be	GET	/notes	http://localhost:3000
20221022	14:31:15	a28b42dd-cdc4-4e6d-b694-d7a2f9f01044	OPTIONS	/auth	http://localhost:3000
20221022	14:31:15	3ea0e1b8-e7c1-403c-9da2-5c91d8e35a8b	POST	/auth	http://localhost:3000
20221022	14:31:15	7aa29a21-2fda-494d-95cd-eb0e7a523420	OPTIONS	/notes	http://localhost:3000
20221022	14:31:15	c7c8d445-5349-473b-ac5d-abe100c6d6c0	OPTIONS	/users	http://localhost:3000
20221022	14:31:15	7834227c-f2ce-4d22-aaef-c77120599dbd	GET	/notes	http://localhost:3000
20221022	14:31:15	18c6a801-e3e3-45b7-ae10-8ebe052a71a4	GET	/users	http://localhost:3000
20221022	14:31:31	d162c41d-a8c5-4781-b5a1-28794d114119	OPTIONS	/notes	http://localhost:3000
20221022	14:31:31	9689a9b7-5e60-4a0f-965e-7a759d51c39f	GET	/notes	http://localhost:3000
20221022	14:31:46	9f75aa9c-7140-4517-82bf-a64f45b83dcf	OPTIONS	/notes	http://localhost:3000
20221022	14:31:46	9a2d523a-1dc2-48bc-a5ef-90b165b2e705	GET	/notes	http://localhost:3000
20221022	14:32:01	5ba60a09-8621-474b-96e3-5d214cd771fa	OPTIONS	/notes	http://localhost:3000
20221022	14:32:01	2a902963-c493-47b0-b236-4b91125128a5	GET	/notes	http://localhost:3000
20221022	14:32:17	0d7e3ebd-d8ca-4865-89ab-fa687c16b237	OPTIONS	/notes	http://localhost:3000
20221022	14:32:17	fb2c8795-f4db-405b-8332-9cc13c7d5a6d	GET	/notes	http://localhost:3000
20221022	14:32:17	dd465ffc-6440-4615-bf41-28a75ce5ca92	OPTIONS	/auth/refresh	http://localhost:3000
20221022	14:32:17	5b39758d-df55-417a-8e97-978d14855844	GET	/auth/refresh	http://localhost:3000
20221022	14:32:17	52752674-5998-462f-a589-28106a46bad1	GET	/notes	http://localhost:3000
20221022	14:32:32	3983e208-adf0-46b8-9b40-9796b1f6b9a6	OPTIONS	/notes	http://localhost:3000
20221022	14:32:32	436df01e-f9ec-4c72-a552-87b4b93e7908	GET	/notes	http://localhost:3000
20221022	14:32:47	bb2fcdb5-9c37-4dd7-ab8b-daccee199f26	OPTIONS	/notes	http://localhost:3000
20221022	14:32:47	34a9bf86-a71f-4620-b837-01615f9b84dc	GET	/notes	http://localhost:3000
20221022	14:33:03	f9256c86-8e30-4de1-9e6f-c670ac5766cf	OPTIONS	/notes	http://localhost:3000
20221022	14:33:03	fb294e8a-8fd0-4522-aa1f-4ca66d029786	GET	/notes	http://localhost:3000
20221022	14:33:18	f0914248-effe-4e34-9d5a-2d99cee93395	OPTIONS	/notes	http://localhost:3000
20221022	14:33:18	6f178810-8732-4eb9-a92f-6cad4220ad68	GET	/notes	http://localhost:3000
20221022	14:33:19	6f83afad-d578-4edf-8ea6-01ed9a19ba5b	OPTIONS	/auth/refresh	http://localhost:3000
20221022	14:33:19	8145e047-951d-400e-af78-d932d2965823	GET	/auth/refresh	http://localhost:3000
20221022	14:33:19	b9ad2df6-9e68-4d16-9e49-30b07d7c3fc3	GET	/notes	http://localhost:3000
20221022	14:33:35	8290a373-5031-4684-861c-21c0ffeb0bd6	OPTIONS	/notes	http://localhost:3000
20221022	14:33:36	0ace0f19-b309-4f8b-b529-2c95321ddc18	GET	/notes	http://localhost:3000
20221022	14:33:47	0a1e16c1-3501-4eb5-9d22-d1dcc6fc9f94	OPTIONS	/notes	http://localhost:3000
20221022	14:33:47	5169473a-7b0e-447c-8c61-2025f588f0b1	GET	/notes	http://localhost:3000
20221022	14:33:47	4e13ead3-3ffe-42a4-8b23-eccc0fff178b	OPTIONS	/auth/logout	http://localhost:3000
20221022	14:33:47	e241fa20-0b60-4ae9-9742-9d3e71d93950	POST	/auth/logout	http://localhost:3000
20221022	15:36:11	fb0f09eb-0b99-4c1d-bba1-bdb16741c059	OPTIONS	/auth	http://localhost:3000
20221022	15:36:11	37d2b05f-c23f-4424-86c3-9cce6e6a57c2	POST	/auth	http://localhost:3000
20221022	15:36:12	277884db-4c14-407f-8546-3aaafa396ddd	OPTIONS	/notes	http://localhost:3000
20221022	15:36:12	6ef1a32a-5a02-463d-9209-53d156f31059	OPTIONS	/users	http://localhost:3000
20221022	15:36:12	16aca5d5-5085-4ef6-a10f-371b097b702e	GET	/notes	http://localhost:3000
20221022	15:36:12	6ba1e375-c64f-45f2-80b2-81726bce3b99	GET	/users	http://localhost:3000
20221022	15:36:29	5f5f74ee-a6fe-47c0-87d8-89d37ae8e78b	OPTIONS	/notes	http://localhost:3000
20221022	15:36:29	f30966c3-4916-423a-abd0-04274705c733	GET	/notes	http://localhost:3000
20221022	15:36:44	49332f25-6bc4-4fed-90f0-854003dcc6ae	OPTIONS	/notes	http://localhost:3000
20221022	15:36:44	8d04cdde-5c96-4c11-8472-9318e9ce66d3	GET	/notes	http://localhost:3000
20221022	15:36:46	e307222c-0a45-4dfc-9d8e-b7bc59ccb8b7	GET	/notes	http://localhost:3000
20221022	15:37:52	bce3832d-3f53-4396-b63c-5fd7c242d40a	OPTIONS	/auth/logout	http://localhost:3000
20221022	15:37:52	b184c90e-0df9-4ec3-8bdf-2e6222865e58	POST	/auth/logout	http://localhost:3000
20221022	15:37:59	bc3c8484-a114-4815-8ac8-3ccca1bb37b3	GET	/notes	http://localhost:3000
20221022	15:37:59	feaa73c4-8f82-428a-bfdc-e2b4dcbb6256	GET	/users	http://localhost:3000
20221022	15:38:27	169e8334-05bb-4598-9490-18228e49a315	POST	/auth/logout	http://localhost:3000
20221022	15:38:36	ae39913f-daa4-4f19-8599-33dab0fb3b68	OPTIONS	/auth	http://localhost:3000
20221022	15:38:36	8455ae3f-f040-4c12-8be8-21aeb223f3b5	POST	/auth	http://localhost:3000
20221022	15:38:37	dc0dece7-7278-4d51-8e4a-5d80c582d0c4	OPTIONS	/notes	http://localhost:3000
20221022	15:38:37	8ab1723e-cd31-44aa-b658-8184ef72cf12	OPTIONS	/users	http://localhost:3000
20221022	15:38:37	5248bf71-3a9b-451e-b112-253f5af92e06	GET	/notes	http://localhost:3000
20221022	15:38:37	9fce65f7-0b2c-42eb-a09f-1ac2287989df	GET	/users	http://localhost:3000
20221022	15:38:41	3556896a-4925-45d9-9c8c-b0453f6d530a	OPTIONS	/auth/logout	http://localhost:3000
20221022	15:38:41	dbb3d29e-bf48-447a-883e-5225abca71ef	POST	/auth/logout	http://localhost:3000
20221022	15:38:48	b5a42955-dca5-4228-9e83-5dde5bc71ccb	OPTIONS	/auth	http://localhost:3000
20221022	15:38:48	c16dc009-4c0a-4331-afc5-e754db5b8ab9	POST	/auth	http://localhost:3000
20221022	15:38:49	31744bf1-e1bf-4661-ac73-8760d8cf89c4	OPTIONS	/notes	http://localhost:3000
20221022	15:38:49	ac7d733e-667f-44cd-87e5-a82e9e3e0573	OPTIONS	/users	http://localhost:3000
20221022	15:38:49	26779d61-cb8c-4fec-b74e-b1a7c2b4eed2	GET	/notes	http://localhost:3000
20221022	15:38:49	8371fc39-3b3e-4a5a-ac63-2030dad47149	GET	/users	http://localhost:3000
20221022	15:39:19	ad9aae64-bb32-489c-b7b5-f2af7f740db2	GET	/auth/refresh	http://localhost:3000
20221022	15:39:21	783b25c0-6282-4393-a2b2-836da1ccbb4a	GET	/notes	http://localhost:3000
20221022	15:39:21	01f14d70-e009-49a9-aa08-21dd8a6084d6	GET	/users	http://localhost:3000
20221022	15:39:49	be4b4611-1b21-4293-8c0d-f5c01e677085	GET	/notes	http://localhost:3000
20221022	15:39:58	218aa82c-2216-4e1f-843b-298e445c25b6	GET	/users	http://localhost:3000
20221022	15:40:00	129d3155-6669-4dc4-b599-eb4c689f0046	POST	/auth/logout	http://localhost:3000
20221022	15:40:04	73c1175e-cad4-4bb8-b08f-84ecc2c08148	OPTIONS	/auth	http://localhost:3000
20221022	15:40:04	799524c1-7f13-4d98-9e92-746377e430f0	POST	/auth	http://localhost:3000
20221022	15:40:05	440cf8db-c9bb-4867-abfd-07adaf8461e7	OPTIONS	/notes	http://localhost:3000
20221022	15:40:05	bcaf12d1-49be-48f6-925c-f25b20d0e682	OPTIONS	/users	http://localhost:3000
20221022	15:40:05	7e14099b-cdbc-4fdb-9aab-b3d2a64d5bd0	GET	/notes	http://localhost:3000
20221022	15:40:05	ca3e7ea0-0163-45b7-a6fb-8dc55f32c903	GET	/users	http://localhost:3000
20221022	15:40:06	783f39d2-3731-42ab-8709-934652b97761	GET	/notes	http://localhost:3000
20221022	15:40:10	c5beac9f-c8e9-47be-9687-19475d4793b3	OPTIONS	/users	http://localhost:3000
20221022	15:40:10	f1819e41-d5c3-4830-bb28-8ca638075091	GET	/users	http://localhost:3000
20221022	15:40:18	ff8cf33a-f96a-4537-9dd4-634317cb76bd	OPTIONS	/users	http://localhost:3000
20221022	15:40:18	a70c7e43-11cf-4f92-80c3-95b53e6335ca	GET	/users	http://localhost:3000
20221022	15:41:19	5b699754-130a-4b70-803e-2fc70f2c4748	OPTIONS	/users	http://localhost:3000
20221022	15:41:19	211b028f-4dca-4197-b587-93dfea4dd170	GET	/users	http://localhost:3000
20221022	15:41:46	aab33e74-8ffc-4dfd-9709-ca6cb7683eed	OPTIONS	/users	http://localhost:3000
20221022	15:41:47	766e5e5d-65b0-460b-850d-40ff63f5e80a	GET	/users	http://localhost:3000
20221022	15:41:52	668fbd60-d2fc-4ad0-8f65-70088226ec20	OPTIONS	/users	http://localhost:3000
20221022	15:41:52	96f1a667-86e9-41e0-85c5-bc2fca2f9579	GET	/users	http://localhost:3000
20221022	15:42:34	346119db-07c5-4759-abda-b64ca52719bd	OPTIONS	/users	http://localhost:3000
20221022	15:42:34	1735d931-6914-483b-9ca2-17fe4319e89c	GET	/users	http://localhost:3000
20221022	15:43:35	2bfcf523-5c12-44b6-bc72-00d9210f344e	OPTIONS	/users	http://localhost:3000
20221022	15:43:35	31857455-6008-4c7a-bd41-8e2656f55913	GET	/users	http://localhost:3000
20221022	15:44:36	59039fa2-3a04-4bbb-b112-4ec8873e10bc	OPTIONS	/users	http://localhost:3000
20221022	15:44:36	e7be1477-c2a4-412b-bd20-32e9c8c329a1	GET	/users	http://localhost:3000
20221022	15:45:37	c0731972-db43-4824-8c6a-730854a9f115	OPTIONS	/users	http://localhost:3000
20221022	15:45:37	0928e580-7c30-4437-a8d7-940448fb825c	GET	/users	http://localhost:3000
20221022	15:46:38	17cdff47-866b-4e7a-a25d-fb359c43021b	OPTIONS	/users	http://localhost:3000
20221022	15:46:38	524c3101-7a3f-47d1-9ed8-58ab0f7e6e4d	GET	/users	http://localhost:3000
20221022	15:47:39	90aca4ca-fcd2-4e2d-8147-5d9fd343e2ff	OPTIONS	/users	http://localhost:3000
20221022	15:47:39	925f545e-9453-45ae-a232-e7310dc02144	GET	/users	http://localhost:3000
20221022	15:48:40	7ddcc2e2-d4ff-47cb-923f-1252e486f657	OPTIONS	/users	http://localhost:3000
20221022	15:48:40	5c249fdb-9de5-4140-bb78-cab0e3d8d877	GET	/users	http://localhost:3000
20221022	15:49:42	0672bd62-eefc-4b80-adbc-00754bbd3110	OPTIONS	/users	http://localhost:3000
20221022	15:49:42	59931a15-d644-4b03-b230-4501a8ee3ceb	GET	/users	http://localhost:3000
20221022	15:50:30	c31552b7-8e1d-4b3c-a47f-742ebb7d3cea	OPTIONS	/users	http://localhost:3000
20221022	15:50:30	4e6bf997-8582-4372-92a2-eb0a197f4286	GET	/users	http://localhost:3000
20221022	15:50:33	5fbfee23-581e-48cc-8d40-a18e074e4c0b	GET	/users	http://localhost:3000
20221022	15:51:33	d21b772c-3a15-4738-a69e-4b21283646bc	OPTIONS	/users	http://localhost:3000
20221022	15:51:33	2c06979b-4714-421f-9b26-2caed28cb6ac	GET	/users	http://localhost:3000
20221022	15:52:36	8302489b-0edf-4379-8faa-0801665bdb48	OPTIONS	/users	http://localhost:3000
20221022	15:52:36	e5df3bfa-f4d4-4084-8587-ce3dceb6bb79	GET	/users	http://localhost:3000
20221022	15:53:39	1852bbd2-d9e1-4d16-97a1-282e8b74a9ab	OPTIONS	/users	http://localhost:3000
20221022	15:53:39	afc4f21c-af5b-491f-bfb0-edba1bc15e31	GET	/users	http://localhost:3000
20221022	15:54:33	7bf16b75-31f6-4d4d-a8c5-df2a6ce8233d	OPTIONS	/auth	http://localhost:3000
20221022	15:54:33	7012619b-ffb6-4e6a-8419-862dfa391e88	POST	/auth	http://localhost:3000
20221022	15:54:34	6051fe65-8482-41b0-a914-301e3d65e149	OPTIONS	/notes	http://localhost:3000
20221022	15:54:34	0959c2cf-7933-4dad-b5f9-1fcfc9691982	OPTIONS	/users	http://localhost:3000
20221022	15:54:34	9f7b3735-3451-4a57-9e70-3997f786e896	GET	/notes	http://localhost:3000
20221022	15:54:34	9800fcb4-534d-4972-8f5d-128c73da7af8	GET	/users	http://localhost:3000
20221022	15:54:38	16562022-c31b-41f6-ba79-95fa400f314b	OPTIONS	/auth/logout	http://localhost:3000
20221022	15:54:38	b41d6708-865e-4b4e-a3e9-7df798ef89a2	POST	/auth/logout	http://localhost:3000
20221022	15:54:39	bdce8dbb-f74c-41e4-afd9-f7f8b345ab72	OPTIONS	/users	http://localhost:3000
20221022	15:54:39	8985f3b1-3e31-4bb7-b1c8-489e82f08ea1	GET	/users	http://localhost:3000
20221022	15:54:44	60ddab51-89cd-4a37-86c5-8f3c5d76da1b	OPTIONS	/auth	http://localhost:3000
20221022	15:54:44	7ab5f583-c232-47d7-be05-b0cc7319a60d	POST	/auth	http://localhost:3000
20221022	15:54:44	d30190c5-83c4-4ab3-9876-5b67aa538b48	OPTIONS	/notes	http://localhost:3000
20221022	15:54:44	0fc40e99-e9d6-4f60-9a4b-23dd75666365	OPTIONS	/users	http://localhost:3000
20221022	15:54:45	c95bc9c9-8f3c-49e7-9cee-1150d4983db2	GET	/notes	http://localhost:3000
20221022	15:54:45	cd84008c-c261-4e6f-95d9-2f7029f95eef	GET	/users	http://localhost:3000
20221022	15:54:49	3c946582-ae82-48f2-abf8-bbaab6a9aa88	OPTIONS	/auth/logout	http://localhost:3000
20221022	15:54:49	acdc92a2-7d6e-458c-ba3f-a7282eabab55	POST	/auth/logout	http://localhost:3000
20221022	15:55:40	ea0beb37-e0ae-4843-b8b0-f2bb2da364ac	OPTIONS	/users	http://localhost:3000
20221022	15:55:40	b4f4a6a5-60a0-47ea-982b-3e3c3147d4fc	GET	/users	http://localhost:3000
20221022	15:55:40	c116817c-cb93-45ed-8345-4b1d0dd82805	OPTIONS	/auth/refresh	http://localhost:3000
20221022	15:55:40	374d7915-06ae-4098-bb00-1f37dd2119ae	GET	/auth/refresh	http://localhost:3000
20221022	15:56:41	c0e84bd9-cb2b-4c1e-93dc-7a1f8ddbc584	OPTIONS	/users	http://localhost:3000
20221022	15:56:41	18b749a2-75eb-4e22-80af-eaa047e12e32	GET	/users	http://localhost:3000
20221022	15:56:41	6a797d60-bdf6-49f7-a17d-ae6f34b4399a	OPTIONS	/auth/refresh	http://localhost:3000
20221022	15:56:41	37d02ff0-c797-4016-938c-293b5949e847	GET	/auth/refresh	http://localhost:3000
20221022	15:57:42	9fad584e-a6ff-4a62-aede-d9f28f69b19d	OPTIONS	/users	http://localhost:3000
20221022	15:57:42	fdeef9c2-ffe3-4770-9a85-ef1b8bc55303	GET	/users	http://localhost:3000
20221022	15:57:42	5bb344aa-4b96-49ad-8015-0c01cdcf78cd	OPTIONS	/auth/refresh	http://localhost:3000
20221022	15:57:42	ea981cad-4c5b-4029-b291-c7259d025363	GET	/auth/refresh	http://localhost:3000
20221022	15:58:11	b24bb2c8-45d7-40c0-8433-2951360d82cf	OPTIONS	/auth	http://localhost:3000
20221022	15:58:11	da4c2d7d-88b4-4871-9ebc-c0a9861e961f	POST	/auth	http://localhost:3000
20221022	15:58:12	9b97246a-3ccf-4a74-a7a0-c7e1a2144473	OPTIONS	/notes	http://localhost:3000
20221022	15:58:12	864d3d9b-db12-4763-9526-75160e44a857	OPTIONS	/users	http://localhost:3000
20221022	15:58:12	bcedb65b-1d39-434a-9bfe-953c4858bb7e	GET	/notes	http://localhost:3000
20221022	15:58:12	ff65a688-9bb4-4156-bf2f-33b5a910b534	GET	/users	http://localhost:3000
20221022	15:58:14	120ba449-3f7e-4861-b1de-a83a84719cbe	OPTIONS	/auth/logout	http://localhost:3000
20221022	15:58:14	9397e927-798f-4939-a19e-cd042cd1d9aa	POST	/auth/logout	http://localhost:3000
20221022	15:58:20	99ba6b3e-6fec-4e56-8eb5-5905c0af4981	OPTIONS	/auth	http://localhost:3000
20221022	15:58:20	1a8224bd-6189-4f10-9bc5-9cc3bbdc0ea2	POST	/auth	http://localhost:3000
20221022	15:58:20	b4ba4b66-5804-4508-98e2-2bcf912ef069	OPTIONS	/notes	http://localhost:3000
20221022	15:58:20	5dc0bef5-8783-48fd-a0c6-35521b4e695e	OPTIONS	/users	http://localhost:3000
20221022	15:58:20	d2cdba80-b49a-4ee0-b83a-a15ce3fc6f94	GET	/notes	http://localhost:3000
20221022	15:58:20	a967eb5f-1743-47bd-a3e1-d3e5bf2ad211	GET	/users	http://localhost:3000
20221022	15:58:24	3cff4eda-e233-4bc1-b4a7-9f26ed7c1f0c	GET	/notes	http://localhost:3000
20221022	15:58:29	229bef55-7444-4c0c-a3fa-d3d0ef6a6f1d	OPTIONS	/auth/logout	http://localhost:3000
20221022	15:58:29	c59e455f-2e73-48e5-8cb4-cd7a4b7cab85	POST	/auth/logout	http://localhost:3000
20221022	15:58:40	30ef059f-3a46-42fc-bc45-a7c92bcab6af	OPTIONS	/auth	http://localhost:3000
20221022	15:58:40	ca88e8ae-52ca-4c7e-addd-696938bca1c4	POST	/auth	http://localhost:3000
20221022	15:58:41	b3e48287-58fd-46db-add9-a476d3a2762a	OPTIONS	/notes	http://localhost:3000
20221022	15:58:41	4cea7ff6-fe1a-4166-9510-f4eafc5eb677	OPTIONS	/users	http://localhost:3000
20221022	15:58:41	76c9fe44-533b-4d51-9cc4-a61bf5fdefb8	GET	/notes	http://localhost:3000
20221022	15:58:41	1f7e0295-76c0-4bc1-8c0f-4147b7c0e848	GET	/users	http://localhost:3000
20221022	15:58:43	899b2b3b-de5e-460c-8746-98ec6f3b8b16	GET	/users	http://localhost:3000
20221022	15:58:43	e7943c7c-d9e3-4240-a51c-4f011c8e04cf	OPTIONS	/auth/refresh	http://localhost:3000
20221022	15:58:43	ae030fa5-0685-42a6-8ada-ea128b6e2921	GET	/auth/refresh	http://localhost:3000
20221022	15:58:44	85863c5d-7813-4590-b658-e10e523b8850	GET	/users	http://localhost:3000
20221022	15:58:52	2cbbe7c3-0b91-484f-a1ca-2ff9403374b4	OPTIONS	/notes	http://localhost:3000
20221022	15:58:52	f8434b84-4acc-4950-8666-92df5458aa51	GET	/notes	http://localhost:3000
20221022	15:58:55	76408df2-0df9-43da-a50f-3b9a1d82cbb9	OPTIONS	/users	http://localhost:3000
20221022	15:58:55	6250c87e-9a1c-4d12-ae8a-d6e7c67dd933	GET	/users	http://localhost:3000
20221022	15:58:58	7de75f6e-59ea-49a0-bb34-7e2e28848aae	GET	/users	http://localhost:3000
20221022	15:59:01	536fa9f6-6558-45db-97f0-49ba812a5414	OPTIONS	/users	http://localhost:3000
20221022	15:59:01	a0b835f0-5df5-44ad-bf24-2ea3fe9a1464	GET	/users	http://localhost:3000
20221022	15:59:23	3d37abaf-7562-4802-8888-086837e30619	OPTIONS	/notes	http://localhost:3000
20221022	15:59:23	dd75904a-e37d-4ffd-b090-babd1f4b5225	GET	/notes	http://localhost:3000
20221022	15:59:28	d0768d85-823b-4394-8e54-a541e4f42392	GET	/notes	http://localhost:3000
20221022	15:59:49	78922e41-619c-410c-b142-fb9e05f84484	OPTIONS	/users	http://localhost:3000
20221022	15:59:49	d5b1a3a4-bd5f-4ed0-8d7f-c942820c10a3	GET	/users	http://localhost:3000
20221022	16:00:52	b5d1cc38-a955-4418-8a89-08d77e1e7b4f	OPTIONS	/users	http://localhost:3000
20221022	16:00:52	ac538962-a49e-4d3c-b40c-2445ba1b9566	GET	/users	http://localhost:3000
20221022	16:01:53	2af34ef4-dce4-4596-ada6-0b03d23a7795	OPTIONS	/users	http://localhost:3000
20221022	16:01:53	bcb23ca0-70b3-434b-8325-588d98f6b391	GET	/users	http://localhost:3000
20221022	16:02:56	07f8fb29-619b-413c-b609-d1c1c5073f22	OPTIONS	/users	http://localhost:3000
20221022	16:02:56	dc59cfec-d540-4f7e-aadb-6e07f743bafb	GET	/users	http://localhost:3000
20221022	16:03:56	0a08c20e-a6fc-473b-94fc-18bf4dc42ed1	OPTIONS	/users	http://localhost:3000
20221022	16:03:56	15e31a5b-39c5-4966-a016-d64f387ad968	GET	/users	http://localhost:3000
20221022	16:04:57	bc23752d-95c4-4f3d-a0b8-dba6ebc4d268	OPTIONS	/users	http://localhost:3000
20221022	16:04:57	cb940c1e-2858-49f8-a277-2eeeb2a24ef4	GET	/users	http://localhost:3000
20221022	16:05:58	6aa386e1-76ab-47c4-a248-cd66d1f1bde1	OPTIONS	/users	http://localhost:3000
20221022	16:05:58	56ecb337-8ba2-4a67-9f9c-a642a8ce6552	GET	/users	http://localhost:3000
20221022	16:06:59	bf6e2961-e90f-4726-81ea-0f71767a54fe	OPTIONS	/users	http://localhost:3000
20221022	16:06:59	9ae72ecf-f862-4688-af1b-29385fdabacd	GET	/users	http://localhost:3000
20221022	16:08:00	f8c96ecb-d968-4a63-a74d-b4dbbb3f6330	OPTIONS	/users	http://localhost:3000
20221022	16:08:00	1b0d406c-9892-40be-9a94-da8bc7de3197	GET	/users	http://localhost:3000
20221022	16:09:01	5a71c46a-5453-44b4-8dbc-d67da07ba759	OPTIONS	/users	http://localhost:3000
20221022	16:09:01	bdf07e26-eb62-4b2d-a82a-c882c6004bbf	GET	/users	http://localhost:3000
20221022	16:10:02	45067a69-0dd6-4502-9814-0e932915d3f6	OPTIONS	/users	http://localhost:3000
20221022	16:10:02	907bc852-f5e9-48f7-af86-44a556bac31d	GET	/users	http://localhost:3000
20221022	16:10:21	e7d5bcfc-9bc9-4e01-88f2-5f643f4c2bf7	GET	/auth/refresh	http://localhost:3000
20221022	16:10:21	284df5e4-fe93-401d-bc53-4ac4f928dd87	GET	/notes	http://localhost:3000
20221022	16:10:21	92d65f51-82b4-4a68-aded-503a0eb70725	GET	/users	http://localhost:3000
20221022	16:11:03	09ebab6e-4fb0-46ff-9bdb-e054adca8c80	OPTIONS	/users	http://localhost:3000
20221022	16:11:03	3ff5660a-9866-4fd0-b2a4-713154a870ba	GET	/users	http://localhost:3000
20221022	16:11:33	c8f97c15-b9d5-45f0-8529-6fe3bd8ed81d	GET	/auth/refresh	http://localhost:3000
20221022	16:11:34	0de88b15-46eb-42fa-ac4b-4a9711873c0b	GET	/notes	http://localhost:3000
20221022	16:11:34	7f50d023-22a5-422a-bffb-9267eb1ed1e7	GET	/users	http://localhost:3000
20221022	16:12:04	0e5f1067-0408-45d5-89da-6844d433a072	OPTIONS	/users	http://localhost:3000
20221022	16:12:04	69ffdd14-5565-4db1-b242-5a3066c38638	GET	/users	http://localhost:3000
20221022	16:12:16	af7f2b5c-4c72-403e-9c7d-1fc90d7511a0	POST	/auth/logout	http://localhost:3000
20221022	16:12:24	6dcd785e-c635-4b43-86f3-71258845246d	OPTIONS	/auth	http://localhost:3000
20221022	16:12:24	f1c60ce6-e321-4fde-9a69-c68c05fffbeb	POST	/auth	http://localhost:3000
20221022	16:12:24	b3097296-18c9-49ad-9010-b120e57bfada	OPTIONS	/notes	http://localhost:3000
20221022	16:12:24	b90fc480-8cc8-40c7-b364-068bcadbdaac	OPTIONS	/users	http://localhost:3000
20221022	16:12:24	b1e1a16a-b229-4edd-9130-761c74dc4aac	GET	/notes	http://localhost:3000
20221022	16:12:24	1b13a121-9120-4f19-a1cb-1546616ef87e	GET	/users	http://localhost:3000
20221022	16:12:31	e3a344d4-a4bd-46fc-9525-6672633db8f8	OPTIONS	/auth/logout	http://localhost:3000
20221022	16:12:31	01cefa60-371a-40de-8189-ccced0bd9c99	POST	/auth/logout	http://localhost:3000
20221022	16:12:35	209163bb-1093-4e2a-9e3b-be1ebaa8ace9	OPTIONS	/auth	http://localhost:3000
20221022	16:12:35	35265e3c-e754-4e8d-99cf-1654d392fde6	POST	/auth	http://localhost:3000
20221022	16:12:36	99973ff3-c69c-4387-9b4b-3d5d03a42294	OPTIONS	/notes	http://localhost:3000
20221022	16:12:36	7c5ca27f-d420-46d5-875b-6629d778e0d0	OPTIONS	/users	http://localhost:3000
20221022	16:12:36	8aeb0a46-a3e0-4f8c-9124-00baa227bc1b	GET	/notes	http://localhost:3000
20221022	16:12:36	fbd65abf-a5d4-4d80-8c6c-4c73249fb542	GET	/users	http://localhost:3000
20221022	16:12:38	1449a65e-ce73-40f8-909f-ba2b0e7a4f77	GET	/notes	http://localhost:3000
20221022	16:12:42	640148b2-4a18-4730-9aba-a41ce1990a54	OPTIONS	/auth/logout	http://localhost:3000
20221022	16:12:42	d88da217-bd88-40c7-be27-4f72adc5228a	POST	/auth/logout	http://localhost:3000
20221022	16:12:53	bc749cab-1acc-42d5-87cb-72dcb2cc3c3f	GET	/auth/refresh	http://localhost:3000
20221022	16:13:05	be334578-f11b-402a-ad30-5d4b9fc1f1f5	OPTIONS	/users	http://localhost:3000
20221022	16:13:05	3b7c8d9b-5f91-43b0-a17c-9dd5d0a262fc	GET	/users	http://localhost:3000
20221022	16:13:11	bd152ccd-4c78-4fb7-bbd4-3c12be0ab5de	OPTIONS	/auth	http://localhost:3000
20221022	16:13:11	adb6b5d9-fdb6-42e3-b915-225e4b426997	POST	/auth	http://localhost:3000
20221022	16:13:12	9abf5565-ca2c-4b54-852a-d2f416b0c42c	OPTIONS	/notes	http://localhost:3000
20221022	16:13:12	5beba472-e18a-4c51-bd42-5f7cc07caf81	OPTIONS	/users	http://localhost:3000
20221022	16:13:12	4e265907-7a22-44af-8518-195b4c3984ac	GET	/notes	http://localhost:3000
20221022	16:13:12	793c6c5d-cd98-4a88-9ad4-1c99fd147858	GET	/users	http://localhost:3000
20221022	16:13:18	2a72ff05-a039-427d-94c7-253eb8844056	OPTIONS	/users	http://localhost:3000
20221022	16:13:18	e6197222-6c1d-414a-b030-a05cfba3456d	GET	/users	http://localhost:3000
20221022	16:13:21	4fd8e8e8-6e1c-4b57-8071-23b8982fd07b	OPTIONS	/auth/logout	http://localhost:3000
20221022	16:13:21	daa644a6-17f5-4da8-8825-d2cd5e8fd960	POST	/auth/logout	http://localhost:3000
20221022	16:13:26	116a81c8-b65c-401b-ae4a-ffb30da36b28	OPTIONS	/auth	http://localhost:3000
20221022	16:13:26	cafdec1c-3896-4dd6-8427-9b359b55a900	POST	/auth	http://localhost:3000
20221022	16:13:26	78a780a9-b021-414c-80e4-0c6befa47ab1	OPTIONS	/notes	http://localhost:3000
20221022	16:13:26	127cc1d0-3310-4f76-abe7-08f001960ee1	OPTIONS	/users	http://localhost:3000
20221022	16:13:27	8c65c7bc-127d-481d-a83d-1fde8189c578	GET	/notes	http://localhost:3000
20221022	16:13:27	74c8f68c-704f-4174-be36-81f5f39a4aac	GET	/users	http://localhost:3000
20221022	16:13:28	93ac939e-9d2b-4213-9ad9-5459a04445ad	GET	/users	http://localhost:3000
20221022	16:13:37	4a46b78b-8320-4698-a9bf-f91c0079bd75	OPTIONS	/users	http://localhost:3000
20221022	16:13:37	38e95389-1100-4e17-be59-cfa1a7ef4975	GET	/users	http://localhost:3000
20221022	16:14:06	c38bf070-7823-496c-abf9-42dd829b8940	OPTIONS	/users	http://localhost:3000
20221022	16:14:06	8e5d637d-98f4-404a-a91f-fc137786b1e9	GET	/users	http://localhost:3000
20221022	16:14:06	d10742f9-4d49-4b90-867f-f23162f7fe65	OPTIONS	/auth/refresh	http://localhost:3000
20221022	16:14:06	ec9bbf3f-9dac-46d3-8ca0-476263f6c943	GET	/auth/refresh	http://localhost:3000
20221022	16:14:07	41c43881-b714-4d1e-bc07-03774edcb02c	GET	/users	http://localhost:3000
20221022	16:15:07	c8bc6de5-2f00-4f7e-9931-5e447fa3d5d7	OPTIONS	/users	http://localhost:3000
20221022	16:15:07	0398ce67-1968-42c7-a008-10068ac2dc0a	GET	/users	http://localhost:3000
20221022	16:16:08	efccb3ce-b787-4aca-8c1e-d8f39e642ad1	OPTIONS	/users	http://localhost:3000
20221022	16:16:08	17f3c50e-4b9f-404b-afcc-bcdb7c229e15	GET	/users	http://localhost:3000
20221022	16:17:13	59b230d8-728e-4531-832f-2d806dacbf5f	OPTIONS	/users	http://localhost:3000
20221022	16:17:13	e3e0b987-41be-43b6-b938-13338d9bf35f	GET	/users	http://localhost:3000
20221022	16:17:32	f2f2a1aa-1a1b-4990-95ef-7efab21492d2	OPTIONS	/auth/logout	http://localhost:3000
20221022	16:17:32	542c6f1b-bdf7-4cc3-b9de-ad9a385d83ee	POST	/auth/logout	http://localhost:3000
20221022	16:17:37	31c50048-7530-47d8-b3bc-4b7f97cf1600	OPTIONS	/auth	http://localhost:3000
20221022	16:17:37	ff562956-6f5c-4da2-8e27-238e2092acd5	POST	/auth	http://localhost:3000
20221022	16:17:38	466dc344-a9d1-4cec-a3da-ec23804d6b2e	OPTIONS	/notes	http://localhost:3000
20221022	16:17:38	b884d680-3db9-4156-8d82-b8d45bf48746	OPTIONS	/users	http://localhost:3000
20221022	16:17:38	9daf6863-33bb-4a4f-b81e-3730183689be	GET	/notes	http://localhost:3000
20221022	16:17:38	0be226be-a0a7-43c7-b942-d83eba6b098f	GET	/users	http://localhost:3000
20221022	16:17:39	21147a95-d0d2-4ccf-bcca-8e592ae065d9	OPTIONS	/auth/logout	http://localhost:3000
20221022	16:17:39	dc867aa8-96cf-4af2-bdaf-b2acaaabaaca	POST	/auth/logout	http://localhost:3000
20221022	16:17:56	d5d84a7a-d63c-4be2-9ee9-34ee45e3f389	OPTIONS	/auth	http://localhost:3000
20221022	16:17:56	63a75879-39cc-4ad2-870b-ccbbe79d99d6	POST	/auth	http://localhost:3000
20221022	16:17:56	e838f7ce-6a1a-4644-b4fa-2e76bd70f20a	OPTIONS	/notes	http://localhost:3000
20221022	16:17:56	0ed784d9-198e-4efd-a6ab-6acd1eb174d2	OPTIONS	/users	http://localhost:3000
20221022	16:17:56	70d8d725-5c84-4191-a359-8649e6025abd	GET	/notes	http://localhost:3000
20221022	16:17:56	85620386-04f7-4580-86f6-f91b3858fb8f	GET	/users	http://localhost:3000
20221022	16:18:00	411f2613-b309-4bd2-bc57-bbfcaa2e84b0	GET	/notes	http://localhost:3000
20221022	16:18:02	2bb45297-08c3-41f0-a5b9-bc4a0cedd063	OPTIONS	/notes	http://localhost:3000
20221022	16:18:02	705772ef-809c-46c3-a344-4bb177267aac	GET	/notes	http://localhost:3000
20221022	16:18:15	7944b3d2-f188-448d-9a11-f59a3fe59307	OPTIONS	/users	http://localhost:3000
20221022	16:18:15	ac2b2327-be53-4957-a1d0-13b248a07aa9	GET	/users	http://localhost:3000
20221022	16:18:48	2c771720-794f-4273-92bd-8e22953d403a	OPTIONS	/notes	http://localhost:3000
20221022	16:18:49	1d1412b6-3a57-477d-943b-7ce30e916b2a	GET	/notes	http://localhost:3000
20221022	16:18:53	1447d4cf-fe9f-4397-b1c0-6294411b86a7	GET	/notes	http://localhost:3000
20221022	16:19:00	cd88b5f0-4f87-4fae-acad-7e56db305039	OPTIONS	/notes	http://localhost:3000
20221022	16:19:00	655cc8b4-109d-4716-a657-a3cf92f62373	GET	/notes	http://localhost:3000
20221022	16:19:09	78bfb5a0-4428-4ed8-b4c0-7f62ab3522d4	OPTIONS	/auth/logout	http://localhost:3000
20221022	16:19:09	510df75e-e20a-4f09-bdb9-f896144679d6	POST	/auth/logout	http://localhost:3000
20221022	16:19:16	fb9ac90f-50db-4aed-bf64-36e7c64bebee	OPTIONS	/users	http://localhost:3000
20221022	16:19:16	044486e5-4661-4ab6-9030-d2ff0b3ecf2d	GET	/users	http://localhost:3000
20221022	16:20:18	7a7045b9-40ae-45a9-9d50-a6fe3c36387c	OPTIONS	/users	http://localhost:3000
20221022	16:20:18	dfecd555-b478-4319-bb74-3ff8c86fffc7	GET	/users	http://localhost:3000
20221022	16:21:19	00301ad5-53a3-4d83-95a1-034e681f6f87	OPTIONS	/users	http://localhost:3000
20221022	16:21:19	8dc024b5-65eb-4b07-8ec1-88ad7fdccd73	GET	/users	http://localhost:3000
20221022	16:22:22	164a41f7-a130-49b9-b5a5-62f748c5c476	OPTIONS	/users	http://localhost:3000
20221022	16:22:22	35173ee3-5979-428a-9dec-d7e1623bda63	GET	/users	http://localhost:3000
20221022	16:23:22	353db9f7-ef2a-411a-8ee6-911da4403820	OPTIONS	/users	http://localhost:3000
20221022	16:23:22	1bb06bef-fdd1-4035-b33d-e0c35e3f2d25	GET	/users	http://localhost:3000
20221022	16:24:23	8db72e3e-b57c-4af8-8ace-483f8c434a02	OPTIONS	/users	http://localhost:3000
20221022	16:24:23	f622f417-2173-445f-8d27-6ff2bc12cdb5	GET	/users	http://localhost:3000
20221022	16:24:56	f6c18f21-704f-4415-b964-5472b9c176ae	OPTIONS	/users	http://localhost:3000
20221022	16:24:56	91f7be20-2571-4b91-9d05-d9b100d1bd8f	GET	/users	http://localhost:3000
20221022	16:25:03	3c82b314-9bdd-4e87-8351-133e3e8c33bb	GET	/auth/refresh	http://localhost:3000
20221022	16:25:10	81508606-96b5-4f94-8d74-c5e96e581e12	OPTIONS	/auth	http://localhost:3000
20221022	16:25:10	860b6d07-8669-460a-9322-8a409ba97f9c	POST	/auth	http://localhost:3000
20221022	16:25:10	a8f80177-74f4-4fa1-aa36-08658f929768	OPTIONS	/notes	http://localhost:3000
20221022	16:25:11	85609237-f412-4dab-a510-57b9cf7934b5	OPTIONS	/users	http://localhost:3000
20221022	16:25:11	d7640693-c942-445a-ad58-851bc2cbe48c	GET	/notes	http://localhost:3000
20221022	16:25:11	12497313-e78a-4eb7-aa18-7e54c1da0066	GET	/users	http://localhost:3000
20221022	16:25:13	22992976-3d5b-45da-90d6-f3072c2bc16c	GET	/notes	http://localhost:3000
20221022	16:25:17	0ff35ecd-350e-41d8-ad7c-31305e1a4190	OPTIONS	/auth/logout	http://localhost:3000
20221022	16:25:17	363c571e-2b81-4f75-9d00-bc44a3ad03be	POST	/auth/logout	http://localhost:3000
20221022	16:25:22	5281e66e-533f-4d3c-889c-309556773d2e	OPTIONS	/auth	http://localhost:3000
20221022	16:25:22	6869c6ae-30af-467c-b4da-aed219912260	POST	/auth	http://localhost:3000
20221022	16:25:23	fed6a1d6-6bbb-49a3-a40a-f604244a6910	OPTIONS	/notes	http://localhost:3000
20221022	16:25:23	c39a5c8d-b537-46b6-aa08-127f576cb563	OPTIONS	/users	http://localhost:3000
20221022	16:25:23	b64279fd-79dd-4170-895c-ea3c6838d801	GET	/notes	http://localhost:3000
20221022	16:25:23	e4c5a42f-b4d8-4a14-ba60-17ccaba45a1a	GET	/users	http://localhost:3000
20221022	16:25:24	32282f59-040a-494c-8811-45ccbc601e2f	GET	/notes	http://localhost:3000
20221022	16:25:59	058b7f76-4af8-490d-a7da-3e7b8975c32b	OPTIONS	/notes	http://localhost:3000
20221022	16:25:59	04b42aa7-210c-4f6b-b402-431e60e15350	POST	/notes	http://localhost:3000
20221022	16:25:59	a7bd8457-4bdb-4f57-b0d7-7c9310e8d5aa	GET	/notes	http://localhost:3000
20221022	16:26:00	45294594-2f3e-4044-99b3-6f2146ec2bb8	GET	/notes	http://localhost:3000
20221022	16:26:04	699ebb09-1263-4124-b37e-346058f851e8	OPTIONS	/notes	http://localhost:3000
20221022	16:26:04	e0dd20e2-dfdd-49bf-99ed-c88a03ab4845	GET	/notes	http://localhost:3000
20221022	16:26:14	b0c07970-4556-4252-a37a-8d8af74b694e	OPTIONS	/notes	http://localhost:3000
20221022	16:26:14	eba69923-f86a-4cbd-a0a2-a7eb5c3c2f97	GET	/notes	http://localhost:3000
20221022	16:26:36	8b9c3869-3110-43b1-a239-eb18717e6c0f	OPTIONS	/notes	http://localhost:3000
20221022	16:26:36	03f4bb24-deaa-4449-8459-6bf289426190	POST	/notes	http://localhost:3000
20221022	16:26:37	fb36e4f1-16e0-43d1-9212-63e19fe2002b	GET	/notes	http://localhost:3000
20221022	16:26:38	190c7957-3038-44ce-a528-e1794da38acd	GET	/notes	http://localhost:3000
20221022	16:26:47	d5240840-e585-4bf3-84b2-f5bd838aec10	OPTIONS	/notes	http://localhost:3000
20221022	16:26:47	61aa5eeb-fad4-4bec-b9fc-e6a70614f386	GET	/notes	http://localhost:3000
20221022	16:26:51	76da6d79-042c-4a21-8384-063d9dad48f8	OPTIONS	/notes	http://localhost:3000
20221022	16:26:51	5ea8548d-dba3-4f27-87d0-be0786b352a2	PATCH	/notes	http://localhost:3000
20221022	16:26:52	f635bccf-e824-4a18-bdd6-cd5fb975248a	GET	/notes	http://localhost:3000
20221022	16:26:53	32375b76-2745-43ad-a670-e1be0a53e083	GET	/notes	http://localhost:3000
20221022	16:26:56	af1469a5-afb7-41d0-b7e7-dece88b6228d	OPTIONS	/auth/logout	http://localhost:3000
20221022	16:26:56	412ffc9b-7713-45f5-9f41-c94968b8cb1a	POST	/auth/logout	http://localhost:3000
20221022	16:27:00	be5e4815-caec-41a4-9c9b-e16dfa7218dd	OPTIONS	/auth	http://localhost:3000
20221022	16:27:00	e163ddf6-6cd9-434f-a0fc-ddd7b3dc30ae	POST	/auth	http://localhost:3000
20221022	16:27:01	108c6381-8aef-4cc5-81c4-07816d45375a	OPTIONS	/notes	http://localhost:3000
20221022	16:27:01	b795b490-f681-4ff2-8582-e55fb72d41c0	OPTIONS	/users	http://localhost:3000
20221022	16:27:01	5f8ee339-0d56-4982-880f-c191ac30058f	GET	/notes	http://localhost:3000
20221022	16:27:01	b7830105-eddd-4759-a6b4-e2b9e4a19db1	GET	/users	http://localhost:3000
20221022	16:27:03	34cfd873-3c1d-486b-af66-0e16630f3f4b	GET	/notes	http://localhost:3000
20221022	16:27:18	60a935f4-4ef1-4d3e-98a4-9f57e732f1ec	OPTIONS	/notes	http://localhost:3000
20221022	16:27:18	deebfba7-2e7f-4a31-ad4c-8d1b9fd355ea	GET	/notes	http://localhost:3000
20221022	16:27:19	08959db7-c934-4d74-a11c-aa480b7b00e9	GET	/notes	http://localhost:3000
20221022	16:27:19	45d6f48e-d700-40f4-9e9a-ed148dbfd170	OPTIONS	/auth/logout	http://localhost:3000
20221022	16:27:19	97f6c805-5dd7-418a-8083-fc14c138758d	POST	/auth/logout	http://localhost:3000
20221022	16:27:28	ec99aec9-356c-4e7d-b483-daeb241bbdc8	OPTIONS	/auth	http://localhost:3000
20221022	16:27:28	c6860340-8e47-4ea0-95fe-7586313941a3	POST	/auth	http://localhost:3000
20221022	16:27:29	893f93fa-3fc3-4fb2-9a94-ac2d56eb98a9	OPTIONS	/notes	http://localhost:3000
20221022	16:27:29	8fe88516-f0d6-4310-8351-0c80d31c9ca4	OPTIONS	/users	http://localhost:3000
20221022	16:27:29	8857a4e3-f47c-478f-8cfb-9a4946c780c3	GET	/notes	http://localhost:3000
20221022	16:27:29	8df14156-6e9b-4ff2-996f-87daebb36ec8	GET	/users	http://localhost:3000
20221022	16:27:31	e3dfd38d-ea57-4ef6-974d-bce6820fce37	GET	/notes	http://localhost:3000
20221022	16:27:46	3a1dc062-4c31-4c1a-bf60-df5e208a4526	OPTIONS	/notes	http://localhost:3000
20221022	16:27:46	d3c1fe9e-2929-4068-862d-741d560ffe1f	GET	/notes	http://localhost:3000
20221022	16:27:52	87ec009f-2c5c-43fe-ab0a-a129ab915b4c	OPTIONS	/notes	http://localhost:3000
20221022	16:27:52	16a44554-a33c-4d0e-960d-c013c8f35627	OPTIONS	/auth/logout	http://localhost:3000
20221022	16:27:52	eeafc71c-c800-4a99-8d77-0f530e911c2f	POST	/auth/logout	http://localhost:3000
20221022	16:27:52	d938ea01-8f36-42e0-b323-0611adebd752	GET	/notes	http://localhost:3000
20221022	16:45:42	8b491233-86bd-4778-9041-aebc973739c9	OPTIONS	/auth	http://localhost:3000
20221022	16:45:42	e49e1a1e-5105-436b-9445-e9592659e8f0	POST	/auth	http://localhost:3000
20221022	16:45:42	99be5f0f-ca3e-4a99-bd80-63d3541947d3	OPTIONS	/notes	http://localhost:3000
20221022	16:45:42	4f21b5ac-1324-41cd-b882-586b69103891	OPTIONS	/users	http://localhost:3000
20221022	16:45:42	b5ebd653-db60-40fe-ae7b-e5dbc5c741fb	GET	/notes	http://localhost:3000
20221022	16:45:42	b47d0197-8eb9-4380-b8a7-12c3b4c89525	GET	/users	http://localhost:3000
20221022	16:45:54	b77ab4a0-a1b6-41ef-97d6-222fdf5c5d35	GET	/auth/refresh	http://localhost:3000
20221022	16:45:54	cbeb2cb5-4ad6-4602-abea-e6a913db7fba	GET	/users	http://localhost:3000
20221022	16:45:54	cc2b3ec3-d556-4707-8082-0c14f755110b	GET	/notes	http://localhost:3000
20221022	16:45:54	396533b4-4af5-447e-9b8d-310add12014b	GET	/users	http://localhost:3000
20221022	16:45:57	2645605d-3069-42e5-9884-a5dd2fa900eb	GET	/users	http://localhost:3000
20221022	16:46:03	de3081b4-9b20-4392-a780-d558e9c7bb19	GET	/users	http://localhost:3000
20221022	16:46:04	86e86307-e9cb-44f5-9027-4f7523dbef72	GET	/auth/refresh	http://localhost:3000
20221022	16:46:04	3d2357d0-e974-4fd8-80ec-8137597613ec	GET	/notes	http://localhost:3000
20221022	16:46:05	b50dccd3-732d-4ab8-bd78-514084ba8abe	GET	/notes	http://localhost:3000
20221022	16:46:05	6af0867d-79ec-4fa8-b2b4-f43360633fa3	GET	/users	http://localhost:3000
20221022	16:46:13	ec77881d-416e-4aaf-beda-645188b49a1c	GET	/notes	http://localhost:3000
20221022	16:46:16	36f318b2-c0bd-4f95-b3dd-5a072fd16a65	GET	/notes	http://localhost:3000
20221022	16:48:01	5d136e3e-e674-47ad-96ba-1d2b5de975a5	GET	/auth/refresh	http://localhost:3000
20221022	16:48:02	11323c07-8e6d-4cc3-9b30-e65df4cf0b9c	GET	/users	http://localhost:3000
20221022	16:48:02	d8ce3b2f-75fa-4cc7-a571-ac7fd7d84bd8	GET	/notes	http://localhost:3000
20221022	16:48:02	e811647c-69f3-456d-ae50-52bdd9e506ee	GET	/users	http://localhost:3000
20221022	16:48:03	bd8d91dc-98c3-490c-be78-50262c7d6126	POST	/auth/logout	http://localhost:3000
20221022	16:48:08	a2dca447-9335-491a-bd90-fd4469a3dc2c	GET	/auth/refresh	http://localhost:3000
20221022	16:55:27	ca43b725-58c1-4cbd-957e-228213e5b733	GET	/auth/refresh	http://localhost:3000
20221022	17:03:30	b7a34e01-a65e-42c3-9cfd-bef225ea70e3	OPTIONS	/auth	http://localhost:3000
20221022	17:03:30	1fbb19e1-2ab0-4124-b4a1-a55fb2cc4c90	POST	/auth	http://localhost:3000
20221022	17:03:30	711eceaf-206e-48f4-b0d8-9e8f7a813a43	OPTIONS	/notes	http://localhost:3000
20221022	17:03:30	50f0ea24-4d06-4a3c-ad07-a6d6d1397453	OPTIONS	/users	http://localhost:3000
20221022	17:03:30	0ca5e08f-6b15-4719-8c0f-a6731b068c51	GET	/notes	http://localhost:3000
20221022	17:03:30	28a97272-2740-4ea1-8686-2f81c994335e	GET	/users	http://localhost:3000
20221022	17:03:40	33f230a3-4c28-4160-9f41-51f6254e8d19	GET	/auth/refresh	http://localhost:3000
20221022	17:04:12	2fdcb008-338f-4086-9fc3-94e5847b69d2	OPTIONS	/auth	http://localhost:3000
20221022	17:04:12	b73c133f-de23-460d-b67e-c4b4d8b0cd4b	POST	/auth	http://localhost:3000
20221022	17:04:13	e9c2e910-b766-4c7b-918c-313764b5a261	OPTIONS	/notes	http://localhost:3000
20221022	17:04:13	024a2e71-daf2-4cd4-9fa9-faa28b678141	OPTIONS	/users	http://localhost:3000
20221022	17:04:13	d925170d-2a70-47d2-b2a6-61c1b822156a	GET	/notes	http://localhost:3000
20221022	17:04:13	8275d85f-fe47-45f0-a339-feffd71a20a0	GET	/users	http://localhost:3000
20221022	17:04:17	44864f83-f92e-4d86-b981-b3cb5479eeab	GET	/auth/refresh	http://localhost:3000
20221022	17:05:45	d42d1f55-3732-41e7-a45e-f5ab17aa06de	OPTIONS	/auth	http://localhost:3000
20221022	17:05:45	362742fc-0c45-402e-b95a-765cb269f96c	POST	/auth	http://localhost:3000
20221022	17:05:45	4d706245-91cf-4e62-a94e-cdfd2475a267	OPTIONS	/notes	http://localhost:3000
20221022	17:05:45	bede8fc5-c064-47f2-ad9f-f904139f9672	OPTIONS	/users	http://localhost:3000
20221022	17:05:45	7dedf070-e06d-4c42-aa91-f795883d813e	GET	/notes	http://localhost:3000
20221022	17:05:45	da16e325-cf89-4425-bfe2-7cd572925519	GET	/users	http://localhost:3000
